{"C:\\Users\\Doo7a\\dija\\recommendation-system\\src\\app.ts": {"path":"C:\\Users\\Doo7a\\dija\\recommendation-system\\src\\app.ts","statementMap":{"0":{"start":{"line":1,"column":0},"end":{"line":1,"column":47}},"1":{"start":{"line":2,"column":0},"end":{"line":2,"column":24}},"2":{"start":{"line":3,"column":0},"end":{"line":3,"column":28}},"3":{"start":{"line":4,"column":0},"end":{"line":4,"column":28}},"4":{"start":{"line":5,"column":0},"end":{"line":5,"column":28}},"5":{"start":{"line":6,"column":0},"end":{"line":6,"column":30}},"6":{"start":{"line":7,"column":0},"end":{"line":7,"column":51}},"7":{"start":{"line":8,"column":0},"end":{"line":8,"column":65}},"8":{"start":{"line":9,"column":0},"end":{"line":9,"column":68}},"9":{"start":{"line":12,"column":0},"end":{"line":12,"column":16}},"10":{"start":{"line":15,"column":25},"end":{"line":15,"column":34}},"11":{"start":{"line":16,"column":13},"end":{"line":16,"column":37}},"12":{"start":{"line":19,"column":0},"end":{"line":19,"column":12}},"13":{"start":{"line":20,"column":0},"end":{"line":20,"column":15}},"14":{"start":{"line":23,"column":0},"end":{"line":23,"column":16}},"15":{"start":{"line":24,"column":0},"end":{"line":24,"column":18}},"16":{"start":{"line":25,"column":0},"end":{"line":25,"column":24}},"17":{"start":{"line":26,"column":0},"end":{"line":26,"column":48}},"18":{"start":{"line":27,"column":0},"end":{"line":27,"column":23}},"19":{"start":{"line":30,"column":0},"end":{"line":30,"column":27}},"20":{"start":{"line":33,"column":0},"end":{"line":33,"column":24}},"21":{"start":{"line":36,"column":0},"end":{"line":41,"column":3}},"22":{"start":{"line":37,"column":2},"end":{"line":40,"column":5}},"23":{"start":{"line":44,"column":0},"end":{"line":44,"column":18}},"24":{"start":{"line":45,"column":0},"end":{"line":45,"column":22}},"25":{"start":{"line":48,"column":0},"end":{"line":52,"column":1}},"26":{"start":{"line":49,"column":2},"end":{"line":51,"column":5}},"27":{"start":{"line":50,"column":4},"end":{"line":50,"column":50}},"28":{"start":{"line":54,"column":0},"end":{"line":54,"column":19}}},"fnMap":{"0":{"name":"(anonymous_1)","decl":{"start":{"line":36,"column":13},"end":{"line":36,"column":14}},"loc":{"start":{"line":36,"column":26},"end":{"line":41,"column":1}}},"1":{"name":"(anonymous_2)","decl":{"start":{"line":49,"column":19},"end":{"line":49,"column":22}},"loc":{"start":{"line":49,"column":24},"end":{"line":51,"column":3}}}},"branchMap":{"0":{"loc":{"start":{"line":16,"column":13},"end":{"line":16,"column":37}},"type":"binary-expr","locations":[{"start":{"line":16,"column":13},"end":{"line":16,"column":29}},{"start":{"line":16,"column":33},"end":{"line":16,"column":37}}]},"1":{"loc":{"start":{"line":48,"column":0},"end":{"line":52,"column":1}},"type":"if","locations":[{"start":{"line":48,"column":0},"end":{"line":52,"column":1}}]}},"s":{"0":0,"1":0,"2":0,"3":0,"4":0,"5":0,"6":0,"7":0,"8":0,"9":0,"10":0,"11":0,"12":0,"13":0,"14":0,"15":0,"16":0,"17":0,"18":0,"19":0,"20":0,"21":0,"22":0,"23":0,"24":0,"25":0,"26":0,"27":0,"28":0},"f":{"0":0,"1":0},"b":{"0":[0,0],"1":[0]}}
,"C:\\Users\\Doo7a\\dija\\recommendation-system\\src\\config\\cache.ts": {"path":"C:\\Users\\Doo7a\\dija\\recommendation-system\\src\\config\\cache.ts","statementMap":{"0":{"start":{"line":1,"column":0},"end":{"line":1,"column":37}},"1":{"start":{"line":2,"column":0},"end":{"line":2,"column":28}},"2":{"start":{"line":4,"column":0},"end":{"line":4,"column":16}},"3":{"start":{"line":6,"column":18},"end":{"line":6,"column":67}},"4":{"start":{"line":8,"column":20},"end":{"line":10,"column":2}},"5":{"start":{"line":23,"column":9},"end":{"line":23,"column":20}},"6":{"start":{"line":12,"column":0},"end":{"line":12,"column":75}},"7":{"start":{"line":12,"column":33},"end":{"line":12,"column":73}},"8":{"start":{"line":14,"column":21},"end":{"line":21,"column":2}},"9":{"start":{"line":14,"column":47},"end":{"line":21,"column":2}},"10":{"start":{"line":15,"column":2},"end":{"line":20,"column":3}},"11":{"start":{"line":16,"column":4},"end":{"line":16,"column":32}},"12":{"start":{"line":17,"column":4},"end":{"line":17,"column":48}},"13":{"start":{"line":19,"column":4},"end":{"line":19,"column":52}},"14":{"start":{"line":23,"column":22},"end":{"line":23,"column":34}},"15":{"start":{"line":26,"column":29},"end":{"line":30,"column":2}},"16":{"start":{"line":26,"column":55},"end":{"line":30,"column":2}},"17":{"start":{"line":27,"column":2},"end":{"line":29,"column":3}},"18":{"start":{"line":28,"column":4},"end":{"line":28,"column":25}},"19":{"start":{"line":33,"column":24},"end":{"line":40,"column":2}},"20":{"start":{"line":33,"column":105},"end":{"line":40,"column":2}},"21":{"start":{"line":34,"column":2},"end":{"line":39,"column":3}},"22":{"start":{"line":35,"column":4},"end":{"line":35,"column":33}},"23":{"start":{"line":36,"column":4},"end":{"line":36,"column":79}},"24":{"start":{"line":38,"column":4},"end":{"line":38,"column":49}},"25":{"start":{"line":33,"column":13},"end":{"line":33,"column":24}},"26":{"start":{"line":42,"column":24},"end":{"line":52,"column":2}},"27":{"start":{"line":42,"column":68},"end":{"line":52,"column":2}},"28":{"start":{"line":43,"column":2},"end":{"line":51,"column":3}},"29":{"start":{"line":44,"column":4},"end":{"line":44,"column":33}},"30":{"start":{"line":45,"column":17},"end":{"line":45,"column":43}},"31":{"start":{"line":46,"column":4},"end":{"line":46,"column":27}},"32":{"start":{"line":46,"column":15},"end":{"line":46,"column":27}},"33":{"start":{"line":47,"column":4},"end":{"line":47,"column":33}},"34":{"start":{"line":49,"column":4},"end":{"line":49,"column":49}},"35":{"start":{"line":50,"column":4},"end":{"line":50,"column":16}},"36":{"start":{"line":42,"column":13},"end":{"line":42,"column":24}},"37":{"start":{"line":54,"column":31},"end":{"line":61,"column":2}},"38":{"start":{"line":54,"column":68},"end":{"line":61,"column":2}},"39":{"start":{"line":55,"column":2},"end":{"line":60,"column":3}},"40":{"start":{"line":56,"column":4},"end":{"line":56,"column":33}},"41":{"start":{"line":57,"column":4},"end":{"line":57,"column":31}},"42":{"start":{"line":59,"column":4},"end":{"line":59,"column":54}},"43":{"start":{"line":54,"column":13},"end":{"line":54,"column":31}}},"fnMap":{"0":{"name":"(anonymous_8)","decl":{"start":{"line":12,"column":24},"end":{"line":12,"column":25}},"loc":{"start":{"line":12,"column":33},"end":{"line":12,"column":73}}},"1":{"name":"(anonymous_9)","decl":{"start":{"line":14,"column":21},"end":{"line":14,"column":45}},"loc":{"start":{"line":14,"column":47},"end":{"line":21,"column":2}}},"2":{"name":"(anonymous_10)","decl":{"start":{"line":14,"column":47},"end":{"line":14,"column":null}},"loc":{"start":{"line":14,"column":47},"end":{"line":21,"column":1}}},"3":{"name":"(anonymous_11)","decl":{"start":{"line":26,"column":29},"end":{"line":26,"column":53}},"loc":{"start":{"line":26,"column":55},"end":{"line":30,"column":2}}},"4":{"name":"(anonymous_12)","decl":{"start":{"line":26,"column":55},"end":{"line":26,"column":null}},"loc":{"start":{"line":26,"column":55},"end":{"line":30,"column":1}}},"5":{"name":"(anonymous_13)","decl":{"start":{"line":33,"column":24},"end":{"line":33,"column":31}},"loc":{"start":{"line":33,"column":105},"end":{"line":40,"column":2}}},"6":{"name":"(anonymous_14)","decl":{"start":{"line":33,"column":105},"end":{"line":33,"column":null}},"loc":{"start":{"line":33,"column":86},"end":{"line":40,"column":1}}},"7":{"name":"(anonymous_15)","decl":{"start":{"line":42,"column":24},"end":{"line":42,"column":34}},"loc":{"start":{"line":42,"column":68},"end":{"line":52,"column":2}}},"8":{"name":"(anonymous_16)","decl":{"start":{"line":42,"column":68},"end":{"line":42,"column":null}},"loc":{"start":{"line":42,"column":68},"end":{"line":52,"column":1}}},"9":{"name":"(anonymous_17)","decl":{"start":{"line":54,"column":31},"end":{"line":54,"column":38}},"loc":{"start":{"line":54,"column":68},"end":{"line":61,"column":2}}},"10":{"name":"(anonymous_18)","decl":{"start":{"line":54,"column":68},"end":{"line":54,"column":null}},"loc":{"start":{"line":54,"column":68},"end":{"line":61,"column":1}}}},"branchMap":{"0":{"loc":{"start":{"line":6,"column":18},"end":{"line":6,"column":67}},"type":"binary-expr","locations":[{"start":{"line":6,"column":18},"end":{"line":6,"column":39}},{"start":{"line":6,"column":43},"end":{"line":6,"column":67}}]},"1":{"loc":{"start":{"line":27,"column":2},"end":{"line":29,"column":3}},"type":"if","locations":[{"start":{"line":27,"column":2},"end":{"line":29,"column":3}}]},"2":{"loc":{"start":{"line":33,"column":56},"end":{"line":33,"column":86}},"type":"default-arg","locations":[{"start":{"line":33,"column":82},"end":{"line":33,"column":86}}]},"3":{"loc":{"start":{"line":46,"column":4},"end":{"line":46,"column":27}},"type":"if","locations":[{"start":{"line":46,"column":4},"end":{"line":46,"column":27}}]}},"s":{"0":0,"1":0,"2":0,"3":0,"4":0,"5":0,"6":0,"7":0,"8":0,"9":0,"10":0,"11":0,"12":0,"13":0,"14":0,"15":0,"16":0,"17":0,"18":0,"19":0,"20":0,"21":0,"22":0,"23":0,"24":0,"25":0,"26":0,"27":0,"28":0,"29":0,"30":0,"31":0,"32":0,"33":0,"34":0,"35":0,"36":0,"37":0,"38":0,"39":0,"40":0,"41":0,"42":0,"43":0},"f":{"0":0,"1":0,"2":0,"3":0,"4":0,"5":0,"6":0,"7":0,"8":0,"9":0,"10":0},"b":{"0":[0,0],"1":[0],"2":[0],"3":[0]}}
,"C:\\Users\\Doo7a\\dija\\recommendation-system\\src\\config\\database.ts": {"path":"C:\\Users\\Doo7a\\dija\\recommendation-system\\src\\config\\database.ts","statementMap":{"0":{"start":{"line":1,"column":0},"end":{"line":1,"column":32}},"1":{"start":{"line":2,"column":0},"end":{"line":2,"column":28}},"2":{"start":{"line":4,"column":0},"end":{"line":4,"column":16}},"3":{"start":{"line":6,"column":20},"end":{"line":6,"column":96}},"4":{"start":{"line":8,"column":18},"end":{"line":16,"column":2}},"5":{"start":{"line":8,"column":44},"end":{"line":16,"column":2}},"6":{"start":{"line":9,"column":2},"end":{"line":15,"column":3}},"7":{"start":{"line":10,"column":4},"end":{"line":10,"column":40}},"8":{"start":{"line":11,"column":4},"end":{"line":11,"column":50}},"9":{"start":{"line":13,"column":4},"end":{"line":13,"column":54}},"10":{"start":{"line":14,"column":4},"end":{"line":14,"column":20}},"11":{"start":{"line":18,"column":0},"end":{"line":18,"column":25}}},"fnMap":{"0":{"name":"(anonymous_8)","decl":{"start":{"line":8,"column":18},"end":{"line":8,"column":42}},"loc":{"start":{"line":8,"column":44},"end":{"line":16,"column":2}}},"1":{"name":"(anonymous_9)","decl":{"start":{"line":8,"column":44},"end":{"line":8,"column":null}},"loc":{"start":{"line":8,"column":44},"end":{"line":16,"column":1}}}},"branchMap":{"0":{"loc":{"start":{"line":6,"column":20},"end":{"line":6,"column":96}},"type":"binary-expr","locations":[{"start":{"line":6,"column":20},"end":{"line":6,"column":43}},{"start":{"line":6,"column":47},"end":{"line":6,"column":96}}]}},"s":{"0":0,"1":0,"2":0,"3":0,"4":0,"5":0,"6":0,"7":0,"8":0,"9":0,"10":0,"11":0},"f":{"0":0,"1":0},"b":{"0":[0,0]}}
,"C:\\Users\\Doo7a\\dija\\recommendation-system\\src\\config\\index.ts": {"path":"C:\\Users\\Doo7a\\dija\\recommendation-system\\src\\config\\index.ts","statementMap":{"0":{"start":{"line":1,"column":0},"end":{"line":1,"column":7}},"1":{"start":{"line":5,"column":2},"end":{"line":1,"column":35}},"2":{"start":{"line":2,"column":0},"end":{"line":2,"column":9}},"3":{"start":{"line":6,"column":2},"end":{"line":2,"column":23}},"4":{"start":{"line":7,"column":2},"end":{"line":2,"column":36}},"5":{"start":{"line":8,"column":2},"end":{"line":2,"column":46}},"6":{"start":{"line":9,"column":2},"end":{"line":2,"column":56}},"7":{"start":{"line":10,"column":2},"end":{"line":2,"column":89}}},"fnMap":{"0":{"name":"(anonymous_1)","decl":{"start":{"line":6,"column":2},"end":{"line":6,"column":14}},"loc":{"start":{"line":6,"column":2},"end":{"line":2,"column":23}}},"1":{"name":"(anonymous_2)","decl":{"start":{"line":7,"column":2},"end":{"line":7,"column":13}},"loc":{"start":{"line":7,"column":2},"end":{"line":2,"column":36}}},"2":{"name":"(anonymous_3)","decl":{"start":{"line":8,"column":2},"end":{"line":8,"column":10}},"loc":{"start":{"line":8,"column":2},"end":{"line":2,"column":46}}},"3":{"name":"(anonymous_4)","decl":{"start":{"line":9,"column":2},"end":{"line":9,"column":10}},"loc":{"start":{"line":9,"column":2},"end":{"line":2,"column":56}}},"4":{"name":"(anonymous_5)","decl":{"start":{"line":10,"column":2},"end":{"line":10,"column":17}},"loc":{"start":{"line":10,"column":2},"end":{"line":2,"column":89}}}},"branchMap":{},"s":{"0":0,"1":0,"2":0,"3":0,"4":0,"5":0,"6":0,"7":0},"f":{"0":0,"1":0,"2":0,"3":0,"4":0},"b":{}}
,"C:\\Users\\Doo7a\\dija\\recommendation-system\\src\\controllers\\ContentController.ts": {"path":"C:\\Users\\Doo7a\\dija\\recommendation-system\\src\\controllers\\ContentController.ts","statementMap":{"0":{"start":{"line":2,"column":0},"end":{"line":2,"column":45}},"1":{"start":{"line":3,"column":0},"end":{"line":3,"column":51}},"2":{"start":{"line":10,"column":4},"end":{"line":20,"column":5}},"3":{"start":{"line":11,"column":22},"end":{"line":11,"column":66}},"4":{"start":{"line":12,"column":6},"end":{"line":14,"column":8}},"5":{"start":{"line":16,"column":6},"end":{"line":16,"column":65}},"6":{"start":{"line":17,"column":6},"end":{"line":19,"column":8}},"7":{"start":{"line":27,"column":4},"end":{"line":63,"column":5}},"8":{"start":{"line":35,"column":10},"end":{"line":35,"column":19}},"9":{"start":{"line":38,"column":22},"end":{"line":45,"column":8}},"10":{"start":{"line":47,"column":21},"end":{"line":47,"column":64}},"11":{"start":{"line":49,"column":6},"end":{"line":57,"column":8}},"12":{"start":{"line":59,"column":6},"end":{"line":59,"column":65}},"13":{"start":{"line":60,"column":6},"end":{"line":62,"column":8}},"14":{"start":{"line":70,"column":4},"end":{"line":88,"column":5}},"15":{"start":{"line":71,"column":49},"end":{"line":71,"column":58}},"16":{"start":{"line":73,"column":22},"end":{"line":76,"column":8}},"17":{"start":{"line":78,"column":22},"end":{"line":78,"column":81}},"18":{"start":{"line":80,"column":6},"end":{"line":82,"column":8}},"19":{"start":{"line":84,"column":6},"end":{"line":84,"column":66}},"20":{"start":{"line":85,"column":6},"end":{"line":87,"column":8}},"21":{"start":{"line":92,"column":0},"end":{"line":92,"column":39}}},"fnMap":{"0":{"name":"(anonymous_7)","decl":{"start":{"line":9,"column":8},"end":{"line":9,"column":21}},"loc":{"start":{"line":9,"column":49},"end":{"line":21,"column":null}}},"1":{"name":"(anonymous_9)","decl":{"start":{"line":26,"column":8},"end":{"line":26,"column":21}},"loc":{"start":{"line":26,"column":49},"end":{"line":64,"column":null}}},"2":{"name":"(anonymous_11)","decl":{"start":{"line":69,"column":8},"end":{"line":69,"column":21}},"loc":{"start":{"line":69,"column":49},"end":{"line":89,"column":null}}}},"branchMap":{"0":{"loc":{"start":{"line":18,"column":30},"end":{"line":18,"column":71}},"type":"binary-expr","locations":[{"start":{"line":18,"column":30},"end":{"line":18,"column":43}},{"start":{"line":18,"column":47},"end":{"line":18,"column":71}}]},"1":{"loc":{"start":{"line":31,"column":8},"end":{"line":31,"column":18}},"type":"default-arg","locations":[{"start":{"line":31,"column":15},"end":{"line":31,"column":18}}]},"2":{"loc":{"start":{"line":32,"column":8},"end":{"line":32,"column":20}},"type":"default-arg","locations":[{"start":{"line":32,"column":16},"end":{"line":32,"column":20}}]},"3":{"loc":{"start":{"line":33,"column":8},"end":{"line":33,"column":31}},"type":"default-arg","locations":[{"start":{"line":33,"column":20},"end":{"line":33,"column":31}}]},"4":{"loc":{"start":{"line":34,"column":8},"end":{"line":34,"column":26}},"type":"default-arg","locations":[{"start":{"line":34,"column":20},"end":{"line":34,"column":26}}]},"5":{"loc":{"start":{"line":40,"column":14},"end":{"line":40,"column":92}},"type":"cond-expr","locations":[{"start":{"line":40,"column":22},"end":{"line":40,"column":79}},{"start":{"line":40,"column":83},"end":{"line":40,"column":92}}]},"6":{"loc":{"start":{"line":40,"column":22},"end":{"line":40,"column":79}},"type":"cond-expr","locations":[{"start":{"line":40,"column":44},"end":{"line":40,"column":60}},{"start":{"line":40,"column":63},"end":{"line":40,"column":79}}]},"7":{"loc":{"start":{"line":61,"column":30},"end":{"line":61,"column":70}},"type":"binary-expr","locations":[{"start":{"line":61,"column":30},"end":{"line":61,"column":43}},{"start":{"line":61,"column":47},"end":{"line":61,"column":70}}]},"8":{"loc":{"start":{"line":71,"column":20},"end":{"line":71,"column":30}},"type":"default-arg","locations":[{"start":{"line":71,"column":27},"end":{"line":71,"column":30}}]},"9":{"loc":{"start":{"line":71,"column":32},"end":{"line":71,"column":44}},"type":"default-arg","locations":[{"start":{"line":71,"column":40},"end":{"line":71,"column":44}}]},"10":{"loc":{"start":{"line":86,"column":30},"end":{"line":86,"column":72}},"type":"binary-expr","locations":[{"start":{"line":86,"column":30},"end":{"line":86,"column":43}},{"start":{"line":86,"column":47},"end":{"line":86,"column":72}}]}},"s":{"0":0,"1":0,"2":0,"3":0,"4":0,"5":0,"6":0,"7":0,"8":0,"9":0,"10":0,"11":0,"12":0,"13":0,"14":0,"15":0,"16":0,"17":0,"18":0,"19":0,"20":0,"21":0},"f":{"0":0,"1":0,"2":0},"b":{"0":[0,0],"1":[0],"2":[0],"3":[0],"4":[0],"5":[0,0],"6":[0,0],"7":[0,0],"8":[0],"9":[0],"10":[0,0]}}
,"C:\\Users\\Doo7a\\dija\\recommendation-system\\src\\controllers\\InteractionController.ts": {"path":"C:\\Users\\Doo7a\\dija\\recommendation-system\\src\\controllers\\InteractionController.ts","statementMap":{"0":{"start":{"line":2,"column":0},"end":{"line":2,"column":49}},"1":{"start":{"line":3,"column":0},"end":{"line":3,"column":51}},"2":{"start":{"line":22,"column":4},"end":{"line":55,"column":5}},"3":{"start":{"line":24,"column":21},"end":{"line":24,"column":33}},"4":{"start":{"line":26,"column":6},"end":{"line":31,"column":7}},"5":{"start":{"line":27,"column":8},"end":{"line":29,"column":10}},"6":{"start":{"line":30,"column":8},"end":{"line":30,"column":15}},"7":{"start":{"line":33,"column":53},"end":{"line":33,"column":61}},"8":{"start":{"line":36,"column":47},"end":{"line":42,"column":8}},"9":{"start":{"line":44,"column":26},"end":{"line":44,"column":85}},"10":{"start":{"line":46,"column":6},"end":{"line":48,"column":8}},"11":{"start":{"line":50,"column":6},"end":{"line":50,"column":69}},"12":{"start":{"line":51,"column":25},"end":{"line":51,"column":72}},"13":{"start":{"line":52,"column":6},"end":{"line":54,"column":8}},"14":{"start":{"line":62,"column":4},"end":{"line":91,"column":5}},"15":{"start":{"line":65,"column":19},"end":{"line":65,"column":36}},"16":{"start":{"line":68,"column":6},"end":{"line":73,"column":7}},"17":{"start":{"line":69,"column":8},"end":{"line":71,"column":10}},"18":{"start":{"line":72,"column":8},"end":{"line":72,"column":15}},"19":{"start":{"line":75,"column":23},"end":{"line":75,"column":32}},"20":{"start":{"line":77,"column":27},"end":{"line":79,"column":null}},"21":{"start":{"line":82,"column":6},"end":{"line":84,"column":8}},"22":{"start":{"line":86,"column":6},"end":{"line":86,"column":71}},"23":{"start":{"line":87,"column":25},"end":{"line":87,"column":72}},"24":{"start":{"line":88,"column":6},"end":{"line":90,"column":8}},"25":{"start":{"line":95,"column":0},"end":{"line":95,"column":43}}},"fnMap":{"0":{"name":"(anonymous_7)","decl":{"start":{"line":21,"column":8},"end":{"line":21,"column":25}},"loc":{"start":{"line":21,"column":53},"end":{"line":56,"column":null}}},"1":{"name":"(anonymous_9)","decl":{"start":{"line":61,"column":8},"end":{"line":61,"column":27}},"loc":{"start":{"line":61,"column":55},"end":{"line":92,"column":null}}}},"branchMap":{"0":{"loc":{"start":{"line":24,"column":21},"end":{"line":24,"column":33}},"type":"cond-expr","locations":[{"start":{"line":24,"column":29},"end":{"line":24,"column":31}},{"start":{"line":24,"column":29},"end":{"line":24,"column":33}}]},"1":{"loc":{"start":{"line":24,"column":21},"end":{"line":24,"column":31}},"type":"binary-expr","locations":[{"start":{"line":24,"column":21},"end":{"line":24,"column":31}},{"start":{"line":24,"column":29},"end":{"line":24,"column":31}}]},"2":{"loc":{"start":{"line":26,"column":6},"end":{"line":31,"column":7}},"type":"if","locations":[{"start":{"line":26,"column":6},"end":{"line":31,"column":7}}]},"3":{"loc":{"start":{"line":51,"column":25},"end":{"line":51,"column":72}},"type":"cond-expr","locations":[{"start":{"line":51,"column":63},"end":{"line":51,"column":66}},{"start":{"line":51,"column":69},"end":{"line":51,"column":72}}]},"4":{"loc":{"start":{"line":53,"column":30},"end":{"line":53,"column":98}},"type":"binary-expr","locations":[{"start":{"line":53,"column":30},"end":{"line":53,"column":43}},{"start":{"line":53,"column":47},"end":{"line":53,"column":98}}]},"5":{"loc":{"start":{"line":68,"column":6},"end":{"line":73,"column":7}},"type":"if","locations":[{"start":{"line":68,"column":6},"end":{"line":73,"column":7}}]},"6":{"loc":{"start":{"line":68,"column":10},"end":{"line":68,"column":63}},"type":"binary-expr","locations":[{"start":{"line":68,"column":10},"end":{"line":68,"column":37}},{"start":{"line":68,"column":37},"end":{"line":68,"column":63}}]},"7":{"loc":{"start":{"line":68,"column":21},"end":{"line":68,"column":33}},"type":"cond-expr","locations":[{"start":{"line":68,"column":29},"end":{"line":68,"column":31}},{"start":{"line":68,"column":29},"end":{"line":68,"column":33}}]},"8":{"loc":{"start":{"line":68,"column":21},"end":{"line":68,"column":31}},"type":"binary-expr","locations":[{"start":{"line":68,"column":21},"end":{"line":68,"column":31}},{"start":{"line":68,"column":29},"end":{"line":68,"column":31}}]},"9":{"loc":{"start":{"line":68,"column":37},"end":{"line":68,"column":51}},"type":"cond-expr","locations":[{"start":{"line":68,"column":45},"end":{"line":68,"column":47}},{"start":{"line":68,"column":45},"end":{"line":68,"column":51}}]},"10":{"loc":{"start":{"line":68,"column":37},"end":{"line":68,"column":47}},"type":"binary-expr","locations":[{"start":{"line":68,"column":37},"end":{"line":68,"column":47}},{"start":{"line":68,"column":45},"end":{"line":68,"column":47}}]},"11":{"loc":{"start":{"line":87,"column":25},"end":{"line":87,"column":72}},"type":"cond-expr","locations":[{"start":{"line":87,"column":63},"end":{"line":87,"column":66}},{"start":{"line":87,"column":69},"end":{"line":87,"column":72}}]},"12":{"loc":{"start":{"line":89,"column":30},"end":{"line":89,"column":98}},"type":"binary-expr","locations":[{"start":{"line":89,"column":30},"end":{"line":89,"column":43}},{"start":{"line":89,"column":47},"end":{"line":89,"column":98}}]}},"s":{"0":0,"1":0,"2":0,"3":0,"4":0,"5":0,"6":0,"7":0,"8":0,"9":0,"10":0,"11":0,"12":0,"13":0,"14":0,"15":0,"16":0,"17":0,"18":0,"19":0,"20":0,"21":0,"22":0,"23":0,"24":0,"25":0},"f":{"0":0,"1":0},"b":{"0":[0,0],"1":[0,0],"2":[0],"3":[0,0],"4":[0,0],"5":[0],"6":[0,0],"7":[0,0],"8":[0,0],"9":[0,0],"10":[0,0],"11":[0,0],"12":[0,0]}}
,"C:\\Users\\Doo7a\\dija\\recommendation-system\\src\\controllers\\RecommendationController.ts": {"path":"C:\\Users\\Doo7a\\dija\\recommendation-system\\src\\controllers\\RecommendationController.ts","statementMap":{"0":{"start":{"line":2,"column":0},"end":{"line":2,"column":66}},"1":{"start":{"line":3,"column":0},"end":{"line":3,"column":51}},"2":{"start":{"line":10,"column":4},"end":{"line":60,"column":5}},"3":{"start":{"line":11,"column":6},"end":{"line":15,"column":9}},"4":{"start":{"line":18,"column":21},"end":{"line":18,"column":55}},"5":{"start":{"line":20,"column":6},"end":{"line":25,"column":7}},"6":{"start":{"line":21,"column":8},"end":{"line":23,"column":10}},"7":{"start":{"line":24,"column":8},"end":{"line":24,"column":15}},"8":{"start":{"line":28,"column":6},"end":{"line":33,"column":7}},"9":{"start":{"line":29,"column":8},"end":{"line":31,"column":10}},"10":{"start":{"line":32,"column":8},"end":{"line":32,"column":15}},"11":{"start":{"line":35,"column":36},"end":{"line":35,"column":45}},"12":{"start":{"line":38,"column":22},"end":{"line":42,"column":8}},"13":{"start":{"line":44,"column":6},"end":{"line":44,"column":87}},"14":{"start":{"line":47,"column":30},"end":{"line":47,"column":93}},"15":{"start":{"line":49,"column":6},"end":{"line":49,"column":92}},"16":{"start":{"line":51,"column":6},"end":{"line":53,"column":8}},"17":{"start":{"line":55,"column":6},"end":{"line":55,"column":70}},"18":{"start":{"line":56,"column":25},"end":{"line":56,"column":72}},"19":{"start":{"line":57,"column":6},"end":{"line":59,"column":8}},"20":{"start":{"line":67,"column":4},"end":{"line":93,"column":5}},"21":{"start":{"line":68,"column":6},"end":{"line":68,"column":75}},"22":{"start":{"line":70,"column":44},"end":{"line":70,"column":53}},"23":{"start":{"line":73,"column":22},"end":{"line":78,"column":8}},"24":{"start":{"line":81,"column":22},"end":{"line":81,"column":72}},"25":{"start":{"line":83,"column":6},"end":{"line":83,"column":72}},"26":{"start":{"line":85,"column":6},"end":{"line":87,"column":8}},"27":{"start":{"line":89,"column":6},"end":{"line":89,"column":65}},"28":{"start":{"line":90,"column":6},"end":{"line":92,"column":8}},"29":{"start":{"line":97,"column":0},"end":{"line":97,"column":46}}},"fnMap":{"0":{"name":"(anonymous_7)","decl":{"start":{"line":9,"column":8},"end":{"line":9,"column":26}},"loc":{"start":{"line":9,"column":54},"end":{"line":61,"column":null}}},"1":{"name":"(anonymous_9)","decl":{"start":{"line":66,"column":8},"end":{"line":66,"column":21}},"loc":{"start":{"line":66,"column":49},"end":{"line":94,"column":null}}}},"branchMap":{"0":{"loc":{"start":{"line":14,"column":14},"end":{"line":14,"column":26}},"type":"cond-expr","locations":[{"start":{"line":14,"column":22},"end":{"line":14,"column":24}},{"start":{"line":14,"column":22},"end":{"line":14,"column":26}}]},"1":{"loc":{"start":{"line":14,"column":14},"end":{"line":14,"column":24}},"type":"binary-expr","locations":[{"start":{"line":14,"column":14},"end":{"line":14,"column":24}},{"start":{"line":14,"column":22},"end":{"line":14,"column":24}}]},"2":{"loc":{"start":{"line":18,"column":21},"end":{"line":18,"column":55}},"type":"binary-expr","locations":[{"start":{"line":18,"column":21},"end":{"line":18,"column":38}},{"start":{"line":18,"column":42},"end":{"line":18,"column":54}}]},"3":{"loc":{"start":{"line":18,"column":42},"end":{"line":18,"column":54}},"type":"cond-expr","locations":[{"start":{"line":18,"column":50},"end":{"line":18,"column":52}},{"start":{"line":18,"column":50},"end":{"line":18,"column":54}}]},"4":{"loc":{"start":{"line":18,"column":42},"end":{"line":18,"column":52}},"type":"binary-expr","locations":[{"start":{"line":18,"column":42},"end":{"line":18,"column":52}},{"start":{"line":18,"column":50},"end":{"line":18,"column":52}}]},"5":{"loc":{"start":{"line":20,"column":6},"end":{"line":25,"column":7}},"type":"if","locations":[{"start":{"line":20,"column":6},"end":{"line":25,"column":7}}]},"6":{"loc":{"start":{"line":28,"column":6},"end":{"line":33,"column":7}},"type":"if","locations":[{"start":{"line":28,"column":6},"end":{"line":33,"column":7}}]},"7":{"loc":{"start":{"line":28,"column":10},"end":{"line":28,"column":95}},"type":"binary-expr","locations":[{"start":{"line":28,"column":10},"end":{"line":28,"column":27}},{"start":{"line":28,"column":31},"end":{"line":28,"column":69}},{"start":{"line":28,"column":69},"end":{"line":28,"column":95}}]},"8":{"loc":{"start":{"line":28,"column":53},"end":{"line":28,"column":65}},"type":"cond-expr","locations":[{"start":{"line":28,"column":61},"end":{"line":28,"column":63}},{"start":{"line":28,"column":61},"end":{"line":28,"column":65}}]},"9":{"loc":{"start":{"line":28,"column":53},"end":{"line":28,"column":63}},"type":"binary-expr","locations":[{"start":{"line":28,"column":53},"end":{"line":28,"column":63}},{"start":{"line":28,"column":61},"end":{"line":28,"column":63}}]},"10":{"loc":{"start":{"line":28,"column":69},"end":{"line":28,"column":83}},"type":"cond-expr","locations":[{"start":{"line":28,"column":77},"end":{"line":28,"column":79}},{"start":{"line":28,"column":77},"end":{"line":28,"column":83}}]},"11":{"loc":{"start":{"line":28,"column":69},"end":{"line":28,"column":79}},"type":"binary-expr","locations":[{"start":{"line":28,"column":69},"end":{"line":28,"column":79}},{"start":{"line":28,"column":77},"end":{"line":28,"column":79}}]},"12":{"loc":{"start":{"line":39,"column":15},"end":{"line":39,"column":53}},"type":"cond-expr","locations":[{"start":{"line":39,"column":23},"end":{"line":39,"column":48}},{"start":{"line":39,"column":51},"end":{"line":39,"column":53}}]},"13":{"loc":{"start":{"line":41,"column":14},"end":{"line":41,"column":92}},"type":"cond-expr","locations":[{"start":{"line":41,"column":22},"end":{"line":41,"column":79}},{"start":{"line":41,"column":83},"end":{"line":41,"column":92}}]},"14":{"loc":{"start":{"line":41,"column":22},"end":{"line":41,"column":79}},"type":"cond-expr","locations":[{"start":{"line":41,"column":44},"end":{"line":41,"column":60}},{"start":{"line":41,"column":63},"end":{"line":41,"column":79}}]},"15":{"loc":{"start":{"line":56,"column":25},"end":{"line":56,"column":72}},"type":"cond-expr","locations":[{"start":{"line":56,"column":63},"end":{"line":56,"column":66}},{"start":{"line":56,"column":69},"end":{"line":56,"column":72}}]},"16":{"loc":{"start":{"line":58,"column":30},"end":{"line":58,"column":96}},"type":"binary-expr","locations":[{"start":{"line":58,"column":30},"end":{"line":58,"column":43}},{"start":{"line":58,"column":47},"end":{"line":58,"column":96}}]},"17":{"loc":{"start":{"line":75,"column":14},"end":{"line":75,"column":92}},"type":"cond-expr","locations":[{"start":{"line":75,"column":22},"end":{"line":75,"column":79}},{"start":{"line":75,"column":83},"end":{"line":75,"column":92}}]},"18":{"loc":{"start":{"line":75,"column":22},"end":{"line":75,"column":79}},"type":"cond-expr","locations":[{"start":{"line":75,"column":44},"end":{"line":75,"column":60}},{"start":{"line":75,"column":63},"end":{"line":75,"column":79}}]},"19":{"loc":{"start":{"line":76,"column":15},"end":{"line":76,"column":53}},"type":"cond-expr","locations":[{"start":{"line":76,"column":23},"end":{"line":76,"column":48}},{"start":{"line":76,"column":51},"end":{"line":76,"column":53}}]},"20":{"loc":{"start":{"line":77,"column":16},"end":{"line":77,"column":55}},"type":"cond-expr","locations":[{"start":{"line":77,"column":25},"end":{"line":77,"column":51}},{"start":{"line":77,"column":54},"end":{"line":77,"column":55}}]},"21":{"loc":{"start":{"line":91,"column":30},"end":{"line":91,"column":90}},"type":"binary-expr","locations":[{"start":{"line":91,"column":30},"end":{"line":91,"column":43}},{"start":{"line":91,"column":47},"end":{"line":91,"column":90}}]}},"s":{"0":0,"1":0,"2":0,"3":0,"4":0,"5":0,"6":0,"7":0,"8":0,"9":0,"10":0,"11":0,"12":0,"13":0,"14":0,"15":0,"16":0,"17":0,"18":0,"19":0,"20":0,"21":0,"22":0,"23":0,"24":0,"25":0,"26":0,"27":0,"28":0,"29":0},"f":{"0":0,"1":0},"b":{"0":[0,0],"1":[0,0],"2":[0,0],"3":[0,0],"4":[0,0],"5":[0],"6":[0],"7":[0,0,0],"8":[0,0],"9":[0,0],"10":[0,0],"11":[0,0],"12":[0,0],"13":[0,0],"14":[0,0],"15":[0,0],"16":[0,0],"17":[0,0],"18":[0,0],"19":[0,0],"20":[0,0],"21":[0,0]}}
,"C:\\Users\\Doo7a\\dija\\recommendation-system\\src\\controllers\\authController.ts": {"path":"C:\\Users\\Doo7a\\dija\\recommendation-system\\src\\controllers\\authController.ts","statementMap":{"0":{"start":{"line":2,"column":0},"end":{"line":2,"column":34}},"1":{"start":{"line":3,"column":0},"end":{"line":3,"column":56}},"2":{"start":{"line":4,"column":0},"end":{"line":4,"column":72}},"3":{"start":{"line":5,"column":0},"end":{"line":5,"column":51}},"4":{"start":{"line":12,"column":22},"end":{"line":55,"column":2}},"5":{"start":{"line":12,"column":60},"end":{"line":55,"column":2}},"6":{"start":{"line":13,"column":2},"end":{"line":54,"column":3}},"7":{"start":{"line":15,"column":22},"end":{"line":15,"column":53}},"8":{"start":{"line":16,"column":4},"end":{"line":20,"column":5}},"9":{"start":{"line":17,"column":6},"end":{"line":19,"column":8}},"10":{"start":{"line":22,"column":48},"end":{"line":22,"column":56}},"11":{"start":{"line":25,"column":23},"end":{"line":25,"column":55}},"12":{"start":{"line":26,"column":4},"end":{"line":30,"column":5}},"13":{"start":{"line":27,"column":6},"end":{"line":29,"column":8}},"14":{"start":{"line":33,"column":17},"end":{"line":37,"column":6}},"15":{"start":{"line":39,"column":21},"end":{"line":44,"column":6}},"16":{"start":{"line":46,"column":4},"end":{"line":48,"column":6}},"17":{"start":{"line":50,"column":25},"end":{"line":50,"column":93}},"18":{"start":{"line":51,"column":4},"end":{"line":53,"column":6}},"19":{"start":{"line":12,"column":13},"end":{"line":12,"column":22}},"20":{"start":{"line":62,"column":22},"end":{"line":110,"column":2}},"21":{"start":{"line":62,"column":60},"end":{"line":110,"column":2}},"22":{"start":{"line":63,"column":2},"end":{"line":109,"column":3}},"23":{"start":{"line":65,"column":22},"end":{"line":65,"column":53}},"24":{"start":{"line":66,"column":4},"end":{"line":70,"column":5}},"25":{"start":{"line":67,"column":6},"end":{"line":69,"column":8}},"26":{"start":{"line":72,"column":35},"end":{"line":72,"column":43}},"27":{"start":{"line":75,"column":17},"end":{"line":75,"column":49}},"28":{"start":{"line":76,"column":4},"end":{"line":80,"column":5}},"29":{"start":{"line":77,"column":6},"end":{"line":79,"column":8}},"30":{"start":{"line":83,"column":20},"end":{"line":83,"column":56}},"31":{"start":{"line":84,"column":4},"end":{"line":88,"column":5}},"32":{"start":{"line":85,"column":6},"end":{"line":87,"column":8}},"33":{"start":{"line":91,"column":18},"end":{"line":91,"column":37}},"34":{"start":{"line":93,"column":21},"end":{"line":99,"column":6}},"35":{"start":{"line":101,"column":4},"end":{"line":103,"column":6}},"36":{"start":{"line":105,"column":25},"end":{"line":105,"column":93}},"37":{"start":{"line":106,"column":4},"end":{"line":108,"column":6}},"38":{"start":{"line":62,"column":13},"end":{"line":62,"column":22}},"39":{"start":{"line":117,"column":30},"end":{"line":143,"column":2}},"40":{"start":{"line":117,"column":68},"end":{"line":143,"column":2}},"41":{"start":{"line":118,"column":2},"end":{"line":142,"column":3}},"42":{"start":{"line":119,"column":17},"end":{"line":119,"column":57}},"43":{"start":{"line":121,"column":4},"end":{"line":125,"column":5}},"44":{"start":{"line":122,"column":6},"end":{"line":124,"column":8}},"45":{"start":{"line":127,"column":21},"end":{"line":132,"column":6}},"46":{"start":{"line":134,"column":4},"end":{"line":136,"column":6}},"47":{"start":{"line":138,"column":25},"end":{"line":138,"column":93}},"48":{"start":{"line":139,"column":4},"end":{"line":141,"column":6}},"49":{"start":{"line":117,"column":13},"end":{"line":117,"column":30}}},"fnMap":{"0":{"name":"(anonymous_8)","decl":{"start":{"line":12,"column":22},"end":{"line":12,"column":29}},"loc":{"start":{"line":12,"column":60},"end":{"line":55,"column":2}}},"1":{"name":"(anonymous_9)","decl":{"start":{"line":12,"column":60},"end":{"line":12,"column":null}},"loc":{"start":{"line":12,"column":60},"end":{"line":55,"column":1}}},"2":{"name":"(anonymous_10)","decl":{"start":{"line":62,"column":22},"end":{"line":62,"column":29}},"loc":{"start":{"line":62,"column":60},"end":{"line":110,"column":2}}},"3":{"name":"(anonymous_11)","decl":{"start":{"line":62,"column":60},"end":{"line":62,"column":null}},"loc":{"start":{"line":62,"column":60},"end":{"line":110,"column":1}}},"4":{"name":"(anonymous_12)","decl":{"start":{"line":117,"column":30},"end":{"line":117,"column":37}},"loc":{"start":{"line":117,"column":68},"end":{"line":143,"column":2}}},"5":{"name":"(anonymous_13)","decl":{"start":{"line":117,"column":68},"end":{"line":117,"column":null}},"loc":{"start":{"line":117,"column":68},"end":{"line":143,"column":1}}}},"branchMap":{"0":{"loc":{"start":{"line":16,"column":4},"end":{"line":20,"column":5}},"type":"if","locations":[{"start":{"line":16,"column":4},"end":{"line":20,"column":5}}]},"1":{"loc":{"start":{"line":26,"column":4},"end":{"line":30,"column":5}},"type":"if","locations":[{"start":{"line":26,"column":4},"end":{"line":30,"column":5}}]},"2":{"loc":{"start":{"line":36,"column":19},"end":{"line":36,"column":36}},"type":"binary-expr","locations":[{"start":{"line":36,"column":19},"end":{"line":36,"column":30}},{"start":{"line":36,"column":34},"end":{"line":36,"column":36}}]},"3":{"loc":{"start":{"line":50,"column":25},"end":{"line":50,"column":93}},"type":"cond-expr","locations":[{"start":{"line":50,"column":50},"end":{"line":50,"column":63}},{"start":{"line":50,"column":66},"end":{"line":50,"column":93}}]},"4":{"loc":{"start":{"line":66,"column":4},"end":{"line":70,"column":5}},"type":"if","locations":[{"start":{"line":66,"column":4},"end":{"line":70,"column":5}}]},"5":{"loc":{"start":{"line":76,"column":4},"end":{"line":80,"column":5}},"type":"if","locations":[{"start":{"line":76,"column":4},"end":{"line":80,"column":5}}]},"6":{"loc":{"start":{"line":84,"column":4},"end":{"line":88,"column":5}},"type":"if","locations":[{"start":{"line":84,"column":4},"end":{"line":88,"column":5}}]},"7":{"loc":{"start":{"line":105,"column":25},"end":{"line":105,"column":93}},"type":"cond-expr","locations":[{"start":{"line":105,"column":50},"end":{"line":105,"column":63}},{"start":{"line":105,"column":66},"end":{"line":105,"column":93}}]},"8":{"loc":{"start":{"line":119,"column":42},"end":{"line":119,"column":54}},"type":"cond-expr","locations":[{"start":{"line":119,"column":50},"end":{"line":119,"column":52}},{"start":{"line":119,"column":50},"end":{"line":119,"column":54}}]},"9":{"loc":{"start":{"line":119,"column":42},"end":{"line":119,"column":52}},"type":"binary-expr","locations":[{"start":{"line":119,"column":42},"end":{"line":119,"column":52}},{"start":{"line":119,"column":50},"end":{"line":119,"column":52}}]},"10":{"loc":{"start":{"line":121,"column":4},"end":{"line":125,"column":5}},"type":"if","locations":[{"start":{"line":121,"column":4},"end":{"line":125,"column":5}}]},"11":{"loc":{"start":{"line":138,"column":25},"end":{"line":138,"column":93}},"type":"cond-expr","locations":[{"start":{"line":138,"column":50},"end":{"line":138,"column":63}},{"start":{"line":138,"column":66},"end":{"line":138,"column":93}}]}},"s":{"0":1,"1":1,"2":1,"3":1,"4":1,"5":4,"6":4,"7":4,"8":4,"9":1,"10":3,"11":3,"12":2,"13":1,"14":1,"15":1,"16":1,"17":1,"18":1,"19":1,"20":1,"21":4,"22":4,"23":4,"24":4,"25":1,"26":3,"27":3,"28":3,"29":1,"30":2,"31":2,"32":1,"33":1,"34":1,"35":1,"36":0,"37":0,"38":1,"39":1,"40":2,"41":2,"42":2,"43":2,"44":1,"45":1,"46":1,"47":0,"48":0,"49":1},"f":{"0":4,"1":4,"2":4,"3":4,"4":2,"5":2},"b":{"0":[1],"1":[1],"2":[1,0],"3":[1,0],"4":[1],"5":[1],"6":[1],"7":[0,0],"8":[0,2],"9":[2,2],"10":[1],"11":[0,0]}}
,"C:\\Users\\Doo7a\\dija\\recommendation-system\\src\\controllers\\index.ts": {"path":"C:\\Users\\Doo7a\\dija\\recommendation-system\\src\\controllers\\index.ts","statementMap":{"0":{"start":{"line":1,"column":0},"end":{"line":1,"column":7}},"1":{"start":{"line":6,"column":2},"end":{"line":1,"column":60}},"2":{"start":{"line":2,"column":0},"end":{"line":2,"column":7}},"3":{"start":{"line":7,"column":2},"end":{"line":2,"column":66}},"4":{"start":{"line":3,"column":0},"end":{"line":3,"column":7}},"5":{"start":{"line":8,"column":2},"end":{"line":3,"column":52}}},"fnMap":{},"branchMap":{},"s":{"0":0,"1":0,"2":0,"3":0,"4":0,"5":0},"f":{},"b":{}}
,"C:\\Users\\Doo7a\\dija\\recommendation-system\\src\\middleware\\authMiddleware.ts": {"path":"C:\\Users\\Doo7a\\dija\\recommendation-system\\src\\middleware\\authMiddleware.ts","statementMap":{"0":{"start":{"line":2,"column":0},"end":{"line":2,"column":54}},"1":{"start":{"line":3,"column":0},"end":{"line":3,"column":45}},"2":{"start":{"line":4,"column":0},"end":{"line":4,"column":51}},"3":{"start":{"line":18,"column":28},"end":{"line":53,"column":2}},"4":{"start":{"line":18,"column":101},"end":{"line":53,"column":2}},"5":{"start":{"line":19,"column":2},"end":{"line":52,"column":3}},"6":{"start":{"line":21,"column":23},"end":{"line":21,"column":48}},"7":{"start":{"line":23,"column":4},"end":{"line":28,"column":5}},"8":{"start":{"line":24,"column":6},"end":{"line":26,"column":8}},"9":{"start":{"line":27,"column":6},"end":{"line":27,"column":13}},"10":{"start":{"line":31,"column":18},"end":{"line":31,"column":42}},"11":{"start":{"line":32,"column":20},"end":{"line":32,"column":38}},"12":{"start":{"line":35,"column":17},"end":{"line":35,"column":55}},"13":{"start":{"line":37,"column":4},"end":{"line":42,"column":5}},"14":{"start":{"line":38,"column":6},"end":{"line":40,"column":8}},"15":{"start":{"line":41,"column":6},"end":{"line":41,"column":13}},"16":{"start":{"line":45,"column":4},"end":{"line":45,"column":20}},"17":{"start":{"line":46,"column":4},"end":{"line":46,"column":11}},"18":{"start":{"line":48,"column":4},"end":{"line":50,"column":6}},"19":{"start":{"line":51,"column":4},"end":{"line":51,"column":11}},"20":{"start":{"line":18,"column":13},"end":{"line":18,"column":28}},"21":{"start":{"line":58,"column":30},"end":{"line":66,"column":1}},"22":{"start":{"line":59,"column":2},"end":{"line":65,"column":3}},"23":{"start":{"line":60,"column":4},"end":{"line":60,"column":11}},"24":{"start":{"line":62,"column":4},"end":{"line":64,"column":6}},"25":{"start":{"line":58,"column":13},"end":{"line":58,"column":30}},"26":{"start":{"line":68,"column":44},"end":{"line":76,"column":1}},"27":{"start":{"line":69,"column":2},"end":{"line":75,"column":3}},"28":{"start":{"line":70,"column":4},"end":{"line":70,"column":11}},"29":{"start":{"line":72,"column":4},"end":{"line":74,"column":6}},"30":{"start":{"line":68,"column":13},"end":{"line":68,"column":44}}},"fnMap":{"0":{"name":"(anonymous_8)","decl":{"start":{"line":18,"column":28},"end":{"line":18,"column":35}},"loc":{"start":{"line":18,"column":101},"end":{"line":53,"column":2}}},"1":{"name":"(anonymous_9)","decl":{"start":{"line":18,"column":101},"end":{"line":18,"column":null}},"loc":{"start":{"line":18,"column":101},"end":{"line":53,"column":1}}},"2":{"name":"(anonymous_10)","decl":{"start":{"line":58,"column":30},"end":{"line":58,"column":31}},"loc":{"start":{"line":58,"column":88},"end":{"line":66,"column":1}}},"3":{"name":"(anonymous_11)","decl":{"start":{"line":68,"column":44},"end":{"line":68,"column":45}},"loc":{"start":{"line":68,"column":102},"end":{"line":76,"column":1}}}},"branchMap":{"0":{"loc":{"start":{"line":23,"column":4},"end":{"line":28,"column":5}},"type":"if","locations":[{"start":{"line":23,"column":4},"end":{"line":28,"column":5}}]},"1":{"loc":{"start":{"line":23,"column":8},"end":{"line":23,"column":56}},"type":"binary-expr","locations":[{"start":{"line":23,"column":8},"end":{"line":23,"column":19}},{"start":{"line":23,"column":23},"end":{"line":23,"column":56}}]},"2":{"loc":{"start":{"line":37,"column":4},"end":{"line":42,"column":5}},"type":"if","locations":[{"start":{"line":37,"column":4},"end":{"line":42,"column":5}}]},"3":{"loc":{"start":{"line":59,"column":2},"end":{"line":65,"column":3}},"type":"if","locations":[{"start":{"line":59,"column":2},"end":{"line":65,"column":3}},{"start":{"line":61,"column":9},"end":{"line":65,"column":3}}]},"4":{"loc":{"start":{"line":59,"column":6},"end":{"line":59,"column":43}},"type":"binary-expr","locations":[{"start":{"line":59,"column":6},"end":{"line":59,"column":14}},{"start":{"line":59,"column":18},"end":{"line":59,"column":43}}]},"5":{"loc":{"start":{"line":69,"column":2},"end":{"line":75,"column":3}},"type":"if","locations":[{"start":{"line":69,"column":2},"end":{"line":75,"column":3}},{"start":{"line":71,"column":9},"end":{"line":75,"column":3}}]},"6":{"loc":{"start":{"line":69,"column":6},"end":{"line":69,"column":43}},"type":"binary-expr","locations":[{"start":{"line":69,"column":6},"end":{"line":69,"column":14}},{"start":{"line":69,"column":18},"end":{"line":69,"column":43}}]}},"s":{"0":0,"1":0,"2":0,"3":0,"4":0,"5":0,"6":0,"7":0,"8":0,"9":0,"10":0,"11":0,"12":0,"13":0,"14":0,"15":0,"16":0,"17":0,"18":0,"19":0,"20":0,"21":0,"22":0,"23":0,"24":0,"25":0,"26":0,"27":0,"28":0,"29":0,"30":0},"f":{"0":0,"1":0,"2":0,"3":0},"b":{"0":[0],"1":[0,0],"2":[0],"3":[0,0],"4":[0,0],"5":[0,0],"6":[0,0]}}
,"C:\\Users\\Doo7a\\dija\\recommendation-system\\src\\middleware\\responseMiddleware.ts": {"path":"C:\\Users\\Doo7a\\dija\\recommendation-system\\src\\middleware\\responseMiddleware.ts","statementMap":{"0":{"start":{"line":2,"column":0},"end":{"line":2,"column":51}},"1":{"start":{"line":8,"column":33},"end":{"line":34,"column":1}},"2":{"start":{"line":10,"column":23},"end":{"line":10,"column":31}},"3":{"start":{"line":13,"column":2},"end":{"line":31,"column":4}},"4":{"start":{"line":15,"column":4},"end":{"line":17,"column":5}},"5":{"start":{"line":16,"column":6},"end":{"line":16,"column":43}},"6":{"start":{"line":20,"column":25},"end":{"line":20,"column":75}},"7":{"start":{"line":23,"column":4},"end":{"line":23,"column":86}},"8":{"start":{"line":25,"column":25},"end":{"line":27,"column":null}},"9":{"start":{"line":30,"column":4},"end":{"line":30,"column":49}},"10":{"start":{"line":33,"column":2},"end":{"line":33,"column":9}},"11":{"start":{"line":8,"column":13},"end":{"line":8,"column":33}}},"fnMap":{"0":{"name":"(anonymous_0)","decl":{"start":{"line":8,"column":33},"end":{"line":8,"column":34}},"loc":{"start":{"line":8,"column":91},"end":{"line":34,"column":1}}},"1":{"name":"(anonymous_1)","decl":{"start":{"line":13,"column":13},"end":{"line":13,"column":22}},"loc":{"start":{"line":13,"column":31},"end":{"line":31,"column":3}}}},"branchMap":{"0":{"loc":{"start":{"line":15,"column":4},"end":{"line":17,"column":5}},"type":"if","locations":[{"start":{"line":15,"column":4},"end":{"line":17,"column":5}}]},"1":{"loc":{"start":{"line":15,"column":8},"end":{"line":15,"column":81}},"type":"binary-expr","locations":[{"start":{"line":15,"column":8},"end":{"line":15,"column":12}},{"start":{"line":15,"column":16},"end":{"line":15,"column":40}},{"start":{"line":15,"column":44},"end":{"line":15,"column":60}},{"start":{"line":15,"column":64},"end":{"line":15,"column":81}}]},"2":{"loc":{"start":{"line":20,"column":25},"end":{"line":20,"column":75}},"type":"binary-expr","locations":[{"start":{"line":20,"column":25},"end":{"line":20,"column":66}},{"start":{"line":20,"column":70},"end":{"line":20,"column":75}}]}},"s":{"0":0,"1":0,"2":0,"3":0,"4":0,"5":0,"6":0,"7":0,"8":0,"9":0,"10":0,"11":0},"f":{"0":0,"1":0},"b":{"0":[0],"1":[0,0,0,0],"2":[0,0]}}
,"C:\\Users\\Doo7a\\dija\\recommendation-system\\src\\models\\Content.ts": {"path":"C:\\Users\\Doo7a\\dija\\recommendation-system\\src\\models\\Content.ts","statementMap":{"0":{"start":{"line":1,"column":0},"end":{"line":1,"column":54}},"1":{"start":{"line":2,"column":0},"end":{"line":2,"column":36}},"2":{"start":{"line":13,"column":30},"end":{"line":39,"column":2}},"3":{"start":{"line":41,"column":0},"end":{"line":41,"column":66}}},"fnMap":{},"branchMap":{},"s":{"0":0,"1":0,"2":0,"3":0},"f":{},"b":{}}
,"C:\\Users\\Doo7a\\dija\\recommendation-system\\src\\models\\Interaction.ts": {"path":"C:\\Users\\Doo7a\\dija\\recommendation-system\\src\\models\\Interaction.ts","statementMap":{"0":{"start":{"line":1,"column":0},"end":{"line":1,"column":54}},"1":{"start":{"line":12,"column":34},"end":{"line":45,"column":2}},"2":{"start":{"line":36,"column":6},"end":{"line":36,"column":34}},"3":{"start":{"line":42,"column":6},"end":{"line":42,"column":37}},"4":{"start":{"line":48,"column":0},"end":{"line":48,"column":53}},"5":{"start":{"line":50,"column":0},"end":{"line":50,"column":78}}},"fnMap":{"0":{"name":"(anonymous_9)","decl":{"start":{"line":35,"column":14},"end":{"line":35,"column":null}},"loc":{"start":{"line":35,"column":14},"end":{"line":37,"column":5}}},"1":{"name":"(anonymous_10)","decl":{"start":{"line":41,"column":14},"end":{"line":41,"column":null}},"loc":{"start":{"line":41,"column":14},"end":{"line":43,"column":5}}}},"branchMap":{},"s":{"0":0,"1":0,"2":0,"3":0,"4":0,"5":0},"f":{"0":0,"1":0},"b":{}}
,"C:\\Users\\Doo7a\\dija\\recommendation-system\\src\\models\\User.ts": {"path":"C:\\Users\\Doo7a\\dija\\recommendation-system\\src\\models\\User.ts","statementMap":{"0":{"start":{"line":1,"column":0},"end":{"line":1,"column":54}},"1":{"start":{"line":2,"column":0},"end":{"line":2,"column":36}},"2":{"start":{"line":3,"column":0},"end":{"line":3,"column":30}},"3":{"start":{"line":14,"column":27},"end":{"line":40,"column":24}},"4":{"start":{"line":43,"column":0},"end":{"line":53,"column":3}},"5":{"start":{"line":44,"column":2},"end":{"line":44,"column":50}},"6":{"start":{"line":44,"column":36},"end":{"line":44,"column":50}},"7":{"start":{"line":46,"column":2},"end":{"line":52,"column":3}},"8":{"start":{"line":47,"column":17},"end":{"line":47,"column":41}},"9":{"start":{"line":48,"column":4},"end":{"line":48,"column":69}},"10":{"start":{"line":49,"column":4},"end":{"line":49,"column":11}},"11":{"start":{"line":51,"column":4},"end":{"line":51,"column":16}},"12":{"start":{"line":56,"column":0},"end":{"line":58,"column":2}},"13":{"start":{"line":57,"column":2},"end":{"line":57,"column":58}},"14":{"start":{"line":60,"column":0},"end":{"line":60,"column":57}}},"fnMap":{"0":{"name":"(anonymous_17)","decl":{"start":{"line":43,"column":23},"end":{"line":43,"column":38}},"loc":{"start":{"line":43,"column":42},"end":{"line":53,"column":2}}},"1":{"name":"(anonymous_19)","decl":{"start":{"line":56,"column":37},"end":{"line":56,"column":52}},"loc":{"start":{"line":56,"column":77},"end":{"line":58,"column":2}}}},"branchMap":{"0":{"loc":{"start":{"line":44,"column":2},"end":{"line":44,"column":50}},"type":"if","locations":[{"start":{"line":44,"column":2},"end":{"line":44,"column":50}}]}},"s":{"0":1,"1":1,"2":1,"3":1,"4":1,"5":0,"6":0,"7":0,"8":0,"9":0,"10":0,"11":0,"12":1,"13":0,"14":1},"f":{"0":0,"1":0},"b":{"0":[0]}}
,"C:\\Users\\Doo7a\\dija\\recommendation-system\\src\\models\\index.ts": {"path":"C:\\Users\\Doo7a\\dija\\recommendation-system\\src\\models\\index.ts","statementMap":{"0":{"start":{"line":1,"column":0},"end":{"line":1,"column":7}},"1":{"start":{"line":6,"column":2},"end":{"line":1,"column":37}},"2":{"start":{"line":2,"column":0},"end":{"line":2,"column":7}},"3":{"start":{"line":8,"column":2},"end":{"line":2,"column":46}},"4":{"start":{"line":3,"column":0},"end":{"line":3,"column":7}},"5":{"start":{"line":10,"column":2},"end":{"line":3,"column":58}}},"fnMap":{},"branchMap":{},"s":{"0":0,"1":0,"2":0,"3":0,"4":0,"5":0},"f":{},"b":{}}
,"C:\\Users\\Doo7a\\dija\\recommendation-system\\src\\routes\\authRoutes.ts": {"path":"C:\\Users\\Doo7a\\dija\\recommendation-system\\src\\routes\\authRoutes.ts","statementMap":{"0":{"start":{"line":1,"column":0},"end":{"line":1,"column":33}},"1":{"start":{"line":2,"column":0},"end":{"line":2,"column":79}},"2":{"start":{"line":3,"column":0},"end":{"line":3,"column":60}},"3":{"start":{"line":5,"column":15},"end":{"line":5,"column":23}},"4":{"start":{"line":12,"column":0},"end":{"line":12,"column":38}},"5":{"start":{"line":19,"column":0},"end":{"line":19,"column":38}},"6":{"start":{"line":26,"column":0},"end":{"line":26,"column":62}},"7":{"start":{"line":28,"column":0},"end":{"line":28,"column":22}}},"fnMap":{},"branchMap":{},"s":{"0":0,"1":0,"2":0,"3":0,"4":0,"5":0,"6":0,"7":0},"f":{},"b":{}}
,"C:\\Users\\Doo7a\\dija\\recommendation-system\\src\\routes\\contentRoutes.ts": {"path":"C:\\Users\\Doo7a\\dija\\recommendation-system\\src\\routes\\contentRoutes.ts","statementMap":{"0":{"start":{"line":1,"column":0},"end":{"line":1,"column":33}},"1":{"start":{"line":2,"column":0},"end":{"line":2,"column":51}},"2":{"start":{"line":3,"column":0},"end":{"line":3,"column":57}},"3":{"start":{"line":4,"column":0},"end":{"line":4,"column":90}},"4":{"start":{"line":5,"column":0},"end":{"line":5,"column":149}},"5":{"start":{"line":7,"column":15},"end":{"line":7,"column":23}},"6":{"start":{"line":14,"column":0},"end":{"line":20,"column":2}},"7":{"start":{"line":27,"column":0},"end":{"line":31,"column":2}},"8":{"start":{"line":38,"column":0},"end":{"line":42,"column":2}},"9":{"start":{"line":45,"column":0},"end":{"line":45,"column":22}}},"fnMap":{},"branchMap":{},"s":{"0":0,"1":0,"2":0,"3":0,"4":0,"5":0,"6":0,"7":0,"8":0,"9":0},"f":{},"b":{}}
,"C:\\Users\\Doo7a\\dija\\recommendation-system\\src\\routes\\index.ts": {"path":"C:\\Users\\Doo7a\\dija\\recommendation-system\\src\\routes\\index.ts","statementMap":{"0":{"start":{"line":1,"column":0},"end":{"line":1,"column":33}},"1":{"start":{"line":2,"column":0},"end":{"line":2,"column":52}},"2":{"start":{"line":3,"column":0},"end":{"line":3,"column":58}},"3":{"start":{"line":4,"column":0},"end":{"line":4,"column":38}},"4":{"start":{"line":5,"column":0},"end":{"line":5,"column":44}},"5":{"start":{"line":7,"column":15},"end":{"line":7,"column":23}},"6":{"start":{"line":10,"column":0},"end":{"line":10,"column":32}},"7":{"start":{"line":11,"column":0},"end":{"line":11,"column":47}},"8":{"start":{"line":12,"column":0},"end":{"line":12,"column":53}},"9":{"start":{"line":13,"column":0},"end":{"line":13,"column":38}},"10":{"start":{"line":15,"column":0},"end":{"line":15,"column":22}}},"fnMap":{},"branchMap":{},"s":{"0":0,"1":0,"2":0,"3":0,"4":0,"5":0,"6":0,"7":0,"8":0,"9":0,"10":0},"f":{},"b":{}}
,"C:\\Users\\Doo7a\\dija\\recommendation-system\\src\\routes\\interactionRoutes.ts": {"path":"C:\\Users\\Doo7a\\dija\\recommendation-system\\src\\routes\\interactionRoutes.ts","statementMap":{"0":{"start":{"line":1,"column":0},"end":{"line":1,"column":33}},"1":{"start":{"line":2,"column":0},"end":{"line":2,"column":55}},"2":{"start":{"line":3,"column":0},"end":{"line":3,"column":57}},"3":{"start":{"line":4,"column":0},"end":{"line":4,"column":null}},"4":{"start":{"line":9,"column":0},"end":{"line":9,"column":60}},"5":{"start":{"line":11,"column":15},"end":{"line":11,"column":23}},"6":{"start":{"line":18,"column":0},"end":{"line":23,"column":2}},"7":{"start":{"line":30,"column":0},"end":{"line":38,"column":2}},"8":{"start":{"line":40,"column":0},"end":{"line":40,"column":22}}},"fnMap":{},"branchMap":{},"s":{"0":0,"1":0,"2":0,"3":0,"4":0,"5":0,"6":0,"7":0,"8":0},"f":{},"b":{}}
,"C:\\Users\\Doo7a\\dija\\recommendation-system\\src\\routes\\recommendationRoutes.ts": {"path":"C:\\Users\\Doo7a\\dija\\recommendation-system\\src\\routes\\recommendationRoutes.ts","statementMap":{"0":{"start":{"line":1,"column":0},"end":{"line":1,"column":33}},"1":{"start":{"line":2,"column":0},"end":{"line":2,"column":58}},"2":{"start":{"line":3,"column":0},"end":{"line":3,"column":57}},"3":{"start":{"line":4,"column":0},"end":{"line":4,"column":null}},"4":{"start":{"line":9,"column":0},"end":{"line":9,"column":60}},"5":{"start":{"line":11,"column":15},"end":{"line":11,"column":23}},"6":{"start":{"line":19,"column":0},"end":{"line":27,"column":2}},"7":{"start":{"line":29,"column":0},"end":{"line":29,"column":22}}},"fnMap":{},"branchMap":{},"s":{"0":0,"1":0,"2":0,"3":0,"4":0,"5":0,"6":0,"7":0},"f":{},"b":{}}
,"C:\\Users\\Doo7a\\dija\\recommendation-system\\src\\services\\CacheService.ts": {"path":"C:\\Users\\Doo7a\\dija\\recommendation-system\\src\\services\\CacheService.ts","statementMap":{"0":{"start":{"line":1,"column":0},"end":{"line":1,"column":64}},"1":{"start":{"line":8,"column":4},"end":{"line":13,"column":5}},"2":{"start":{"line":9,"column":6},"end":{"line":9,"column":30}},"3":{"start":{"line":11,"column":6},"end":{"line":11,"column":61}},"4":{"start":{"line":12,"column":6},"end":{"line":12,"column":18}},"5":{"start":{"line":19,"column":22},"end":{"line":25,"column":null}},"6":{"start":{"line":20,"column":4},"end":{"line":24,"column":5}},"7":{"start":{"line":21,"column":6},"end":{"line":21,"column":49}},"8":{"start":{"line":23,"column":6},"end":{"line":23,"column":59}},"9":{"start":{"line":31,"column":4},"end":{"line":35,"column":5}},"10":{"start":{"line":32,"column":6},"end":{"line":32,"column":33}},"11":{"start":{"line":34,"column":6},"end":{"line":34,"column":57}},"12":{"start":{"line":42,"column":4},"end":{"line":49,"column":5}},"13":{"start":{"line":45,"column":6},"end":{"line":45,"column":70}},"14":{"start":{"line":48,"column":6},"end":{"line":48,"column":65}},"15":{"start":{"line":56,"column":4},"end":{"line":56,"column":66}},"16":{"start":{"line":63,"column":4},"end":{"line":63,"column":56}},"17":{"start":{"line":70,"column":4},"end":{"line":70,"column":53}},"18":{"start":{"line":74,"column":0},"end":{"line":74,"column":34}}},"fnMap":{"0":{"name":"(anonymous_7)","decl":{"start":{"line":7,"column":8},"end":{"line":7,"column":20}},"loc":{"start":{"line":7,"column":35},"end":{"line":14,"column":null}}},"1":{"name":"(anonymous_9)","decl":{"start":{"line":19,"column":8},"end":{"line":19,"column":18}},"loc":{"start":{"line":19,"column":18},"end":{"line":25,"column":null}}},"2":{"name":"(anonymous_10)","decl":{"start":{"line":19,"column":22},"end":{"line":19,"column":33}},"loc":{"start":{"line":19,"column":74},"end":{"line":25,"column":3}}},"3":{"name":"(anonymous_11)","decl":{"start":{"line":30,"column":8},"end":{"line":30,"column":23}},"loc":{"start":{"line":30,"column":35},"end":{"line":36,"column":null}}},"4":{"name":"(anonymous_13)","decl":{"start":{"line":41,"column":8},"end":{"line":41,"column":21}},"loc":{"start":{"line":41,"column":37},"end":{"line":50,"column":null}}},"5":{"name":"(anonymous_15)","decl":{"start":{"line":55,"column":2},"end":{"line":55,"column":32}},"loc":{"start":{"line":55,"column":61},"end":{"line":57,"column":3}}},"6":{"name":"(anonymous_16)","decl":{"start":{"line":62,"column":2},"end":{"line":62,"column":33}},"loc":{"start":{"line":62,"column":46},"end":{"line":64,"column":3}}},"7":{"name":"(anonymous_17)","decl":{"start":{"line":69,"column":2},"end":{"line":69,"column":29}},"loc":{"start":{"line":69,"column":42},"end":{"line":71,"column":3}}}},"branchMap":{"0":{"loc":{"start":{"line":19,"column":44},"end":{"line":19,"column":74}},"type":"default-arg","locations":[{"start":{"line":19,"column":70},"end":{"line":19,"column":74}}]}},"s":{"0":0,"1":0,"2":0,"3":0,"4":0,"5":0,"6":0,"7":0,"8":0,"9":0,"10":0,"11":0,"12":0,"13":0,"14":0,"15":0,"16":0,"17":0,"18":0},"f":{"0":0,"1":0,"2":0,"3":0,"4":0,"5":0,"6":0,"7":0},"b":{"0":[0]}}
,"C:\\Users\\Doo7a\\dija\\recommendation-system\\src\\services\\ContentService.ts": {"path":"C:\\Users\\Doo7a\\dija\\recommendation-system\\src\\services\\ContentService.ts","statementMap":{"0":{"start":{"line":1,"column":0},"end":{"line":1,"column":46}},"1":{"start":{"line":2,"column":0},"end":{"line":2,"column":42}},"2":{"start":{"line":18,"column":4},"end":{"line":29,"column":5}},"3":{"start":{"line":19,"column":25},"end":{"line":19,"column":49}},"4":{"start":{"line":20,"column":27},"end":{"line":20,"column":50}},"5":{"start":{"line":23,"column":6},"end":{"line":23,"column":52}},"6":{"start":{"line":25,"column":6},"end":{"line":25,"column":26}},"7":{"start":{"line":27,"column":6},"end":{"line":27,"column":54}},"8":{"start":{"line":28,"column":6},"end":{"line":28,"column":18}},"9":{"start":{"line":35,"column":22},"end":{"line":91,"column":null}},"10":{"start":{"line":36,"column":4},"end":{"line":90,"column":5}},"11":{"start":{"line":44,"column":10},"end":{"line":44,"column":17}},"12":{"start":{"line":47,"column":18},"end":{"line":47,"column":32}},"13":{"start":{"line":50,"column":6},"end":{"line":52,"column":7}},"14":{"start":{"line":51,"column":8},"end":{"line":51,"column":49}},"15":{"start":{"line":54,"column":6},"end":{"line":56,"column":7}},"16":{"start":{"line":55,"column":8},"end":{"line":55,"column":45}},"17":{"start":{"line":59,"column":23},"end":{"line":59,"column":72}},"18":{"start":{"line":62,"column":25},"end":{"line":62,"column":106}},"19":{"start":{"line":64,"column":6},"end":{"line":66,"column":7}},"20":{"start":{"line":65,"column":8},"end":{"line":65,"column":26}},"21":{"start":{"line":69,"column":20},"end":{"line":69,"column":66}},"22":{"start":{"line":72,"column":49},"end":{"line":72,"column":51}},"23":{"start":{"line":73,"column":6},"end":{"line":73,"column":59}},"24":{"start":{"line":75,"column":22},"end":{"line":79,"column":15}},"25":{"start":{"line":81,"column":21},"end":{"line":81,"column":39}},"26":{"start":{"line":84,"column":6},"end":{"line":84,"column":63}},"27":{"start":{"line":86,"column":6},"end":{"line":86,"column":20}},"28":{"start":{"line":88,"column":6},"end":{"line":88,"column":57}},"29":{"start":{"line":89,"column":6},"end":{"line":89,"column":18}},"30":{"start":{"line":96,"column":28},"end":{"line":118,"column":null}},"31":{"start":{"line":97,"column":4},"end":{"line":117,"column":5}},"32":{"start":{"line":98,"column":22},"end":{"line":101,"column":null}},"33":{"start":{"line":104,"column":6},"end":{"line":111,"column":7}},"34":{"start":{"line":106,"column":25},"end":{"line":106,"column":40}},"35":{"start":{"line":107,"column":8},"end":{"line":107,"column":66}},"36":{"start":{"line":110,"column":8},"end":{"line":110,"column":59}},"37":{"start":{"line":113,"column":6},"end":{"line":113,"column":21}},"38":{"start":{"line":115,"column":6},"end":{"line":115,"column":69}},"39":{"start":{"line":116,"column":6},"end":{"line":116,"column":18}},"40":{"start":{"line":123,"column":22},"end":{"line":158,"column":null}},"41":{"start":{"line":124,"column":4},"end":{"line":157,"column":5}},"42":{"start":{"line":128,"column":10},"end":{"line":128,"column":17}},"43":{"start":{"line":131,"column":23},"end":{"line":131,"column":74}},"44":{"start":{"line":134,"column":28},"end":{"line":134,"column":81}},"45":{"start":{"line":136,"column":6},"end":{"line":138,"column":7}},"46":{"start":{"line":137,"column":8},"end":{"line":137,"column":29}},"47":{"start":{"line":141,"column":20},"end":{"line":141,"column":61}},"48":{"start":{"line":144,"column":22},"end":{"line":148,"column":15}},"49":{"start":{"line":151,"column":6},"end":{"line":151,"column":64}},"50":{"start":{"line":153,"column":6},"end":{"line":153,"column":21}},"51":{"start":{"line":155,"column":6},"end":{"line":155,"column":63}},"52":{"start":{"line":156,"column":6},"end":{"line":156,"column":18}},"53":{"start":{"line":161,"column":0},"end":{"line":161,"column":36}}},"fnMap":{"0":{"name":"(anonymous_8)","decl":{"start":{"line":17,"column":8},"end":{"line":17,"column":21}},"loc":{"start":{"line":17,"column":52},"end":{"line":30,"column":null}}},"1":{"name":"(anonymous_10)","decl":{"start":{"line":35,"column":8},"end":{"line":35,"column":21}},"loc":{"start":{"line":35,"column":21},"end":{"line":91,"column":null}}},"2":{"name":"(anonymous_11)","decl":{"start":{"line":35,"column":22},"end":{"line":35,"column":53}},"loc":{"start":{"line":35,"column":55},"end":{"line":91,"column":3}}},"3":{"name":"(anonymous_12)","decl":{"start":{"line":96,"column":8},"end":{"line":96,"column":27}},"loc":{"start":{"line":96,"column":27},"end":{"line":118,"column":null}}},"4":{"name":"(anonymous_13)","decl":{"start":{"line":96,"column":28},"end":{"line":96,"column":38}},"loc":{"start":{"line":96,"column":58},"end":{"line":118,"column":3}}},"5":{"name":"(anonymous_14)","decl":{"start":{"line":123,"column":8},"end":{"line":123,"column":21}},"loc":{"start":{"line":123,"column":21},"end":{"line":158,"column":null}}},"6":{"name":"(anonymous_15)","decl":{"start":{"line":123,"column":22},"end":{"line":123,"column":34}},"loc":{"start":{"line":123,"column":69},"end":{"line":158,"column":3}}}},"branchMap":{"0":{"loc":{"start":{"line":35,"column":22},"end":{"line":35,"column":55}},"type":"default-arg","locations":[{"start":{"line":35,"column":53},"end":{"line":35,"column":55}}]},"1":{"loc":{"start":{"line":40,"column":8},"end":{"line":40,"column":16}},"type":"default-arg","locations":[{"start":{"line":40,"column":15},"end":{"line":40,"column":16}}]},"2":{"loc":{"start":{"line":41,"column":8},"end":{"line":41,"column":18}},"type":"default-arg","locations":[{"start":{"line":41,"column":16},"end":{"line":41,"column":18}}]},"3":{"loc":{"start":{"line":42,"column":8},"end":{"line":42,"column":31}},"type":"default-arg","locations":[{"start":{"line":42,"column":20},"end":{"line":42,"column":31}}]},"4":{"loc":{"start":{"line":43,"column":8},"end":{"line":43,"column":26}},"type":"default-arg","locations":[{"start":{"line":43,"column":20},"end":{"line":43,"column":26}}]},"5":{"loc":{"start":{"line":50,"column":6},"end":{"line":52,"column":7}},"type":"if","locations":[{"start":{"line":50,"column":6},"end":{"line":52,"column":7}}]},"6":{"loc":{"start":{"line":54,"column":6},"end":{"line":56,"column":7}},"type":"if","locations":[{"start":{"line":54,"column":6},"end":{"line":56,"column":7}}]},"7":{"loc":{"start":{"line":54,"column":10},"end":{"line":54,"column":33}},"type":"binary-expr","locations":[{"start":{"line":54,"column":10},"end":{"line":54,"column":14}},{"start":{"line":54,"column":18},"end":{"line":54,"column":33}}]},"8":{"loc":{"start":{"line":64,"column":6},"end":{"line":66,"column":7}},"type":"if","locations":[{"start":{"line":64,"column":6},"end":{"line":66,"column":7}}]},"9":{"loc":{"start":{"line":73,"column":30},"end":{"line":73,"column":58}},"type":"cond-expr","locations":[{"start":{"line":73,"column":52},"end":{"line":73,"column":53}},{"start":{"line":73,"column":56},"end":{"line":73,"column":58}}]},"10":{"loc":{"start":{"line":96,"column":40},"end":{"line":96,"column":58}},"type":"default-arg","locations":[{"start":{"line":96,"column":57},"end":{"line":96,"column":58}}]},"11":{"loc":{"start":{"line":104,"column":6},"end":{"line":111,"column":7}},"type":"if","locations":[{"start":{"line":104,"column":6},"end":{"line":111,"column":7}}]},"12":{"loc":{"start":{"line":123,"column":36},"end":{"line":123,"column":69}},"type":"default-arg","locations":[{"start":{"line":123,"column":67},"end":{"line":123,"column":69}}]},"13":{"loc":{"start":{"line":126,"column":8},"end":{"line":126,"column":16}},"type":"default-arg","locations":[{"start":{"line":126,"column":15},"end":{"line":126,"column":16}}]},"14":{"loc":{"start":{"line":127,"column":8},"end":{"line":127,"column":18}},"type":"default-arg","locations":[{"start":{"line":127,"column":16},"end":{"line":127,"column":18}}]},"15":{"loc":{"start":{"line":136,"column":6},"end":{"line":138,"column":7}},"type":"if","locations":[{"start":{"line":136,"column":6},"end":{"line":138,"column":7}}]}},"s":{"0":2,"1":2,"2":0,"3":0,"4":0,"5":0,"6":0,"7":0,"8":0,"9":0,"10":0,"11":0,"12":0,"13":0,"14":0,"15":0,"16":0,"17":0,"18":0,"19":0,"20":0,"21":0,"22":0,"23":0,"24":0,"25":0,"26":0,"27":0,"28":0,"29":0,"30":0,"31":0,"32":0,"33":0,"34":0,"35":0,"36":0,"37":0,"38":0,"39":0,"40":0,"41":0,"42":0,"43":0,"44":0,"45":0,"46":0,"47":0,"48":0,"49":0,"50":0,"51":0,"52":0,"53":2},"f":{"0":0,"1":0,"2":0,"3":0,"4":0,"5":0,"6":0},"b":{"0":[0],"1":[0],"2":[0],"3":[0],"4":[0],"5":[0],"6":[0],"7":[0,0],"8":[0],"9":[0,0],"10":[0],"11":[0],"12":[0],"13":[0],"14":[0],"15":[0]}}
,"C:\\Users\\Doo7a\\dija\\recommendation-system\\src\\services\\InteractionService.ts": {"path":"C:\\Users\\Doo7a\\dija\\recommendation-system\\src\\services\\InteractionService.ts","statementMap":{"0":{"start":{"line":1,"column":0},"end":{"line":1,"column":55}},"1":{"start":{"line":2,"column":0},"end":{"line":2,"column":42}},"2":{"start":{"line":17,"column":17},"end":{"line":17,"column":51}},"3":{"start":{"line":18,"column":4},"end":{"line":20,"column":5}},"4":{"start":{"line":19,"column":6},"end":{"line":19,"column":40}},"5":{"start":{"line":27,"column":20},"end":{"line":27,"column":60}},"6":{"start":{"line":28,"column":4},"end":{"line":30,"column":5}},"7":{"start":{"line":29,"column":6},"end":{"line":29,"column":43}},"8":{"start":{"line":37,"column":4},"end":{"line":50,"column":5}},"9":{"start":{"line":39,"column":8},"end":{"line":39,"column":17}},"10":{"start":{"line":41,"column":8},"end":{"line":41,"column":17}},"11":{"start":{"line":43,"column":8},"end":{"line":43,"column":17}},"12":{"start":{"line":45,"column":8},"end":{"line":45,"column":17}},"13":{"start":{"line":47,"column":8},"end":{"line":47,"column":17}},"14":{"start":{"line":49,"column":8},"end":{"line":49,"column":17}},"15":{"start":{"line":57,"column":4},"end":{"line":91,"column":5}},"16":{"start":{"line":59,"column":6},"end":{"line":62,"column":9}},"17":{"start":{"line":65,"column":26},"end":{"line":72,"column":8}},"18":{"start":{"line":75,"column":34},"end":{"line":75,"column":78}},"19":{"start":{"line":78,"column":33},"end":{"line":85,"column":8}},"20":{"start":{"line":87,"column":6},"end":{"line":87,"column":30}},"21":{"start":{"line":89,"column":6},"end":{"line":89,"column":59}},"22":{"start":{"line":90,"column":6},"end":{"line":90,"column":18}},"23":{"start":{"line":98,"column":4},"end":{"line":113,"column":5}},"24":{"start":{"line":100,"column":6},"end":{"line":100,"column":38}},"25":{"start":{"line":103,"column":18},"end":{"line":103,"column":46}},"26":{"start":{"line":105,"column":6},"end":{"line":107,"column":7}},"27":{"start":{"line":106,"column":8},"end":{"line":106,"column":49}},"28":{"start":{"line":109,"column":6},"end":{"line":109,"column":50}},"29":{"start":{"line":111,"column":6},"end":{"line":111,"column":63}},"30":{"start":{"line":112,"column":6},"end":{"line":112,"column":18}},"31":{"start":{"line":120,"column":4},"end":{"line":135,"column":5}},"32":{"start":{"line":122,"column":6},"end":{"line":122,"column":44}},"33":{"start":{"line":125,"column":18},"end":{"line":125,"column":49}},"34":{"start":{"line":127,"column":6},"end":{"line":129,"column":7}},"35":{"start":{"line":128,"column":8},"end":{"line":128,"column":49}},"36":{"start":{"line":131,"column":6},"end":{"line":131,"column":50}},"37":{"start":{"line":133,"column":6},"end":{"line":133,"column":66}},"38":{"start":{"line":134,"column":6},"end":{"line":134,"column":18}},"39":{"start":{"line":139,"column":0},"end":{"line":139,"column":40}}},"fnMap":{"0":{"name":"(anonymous_8)","decl":{"start":{"line":16,"column":16},"end":{"line":16,"column":28}},"loc":{"start":{"line":16,"column":43},"end":{"line":21,"column":null}}},"1":{"name":"(anonymous_10)","decl":{"start":{"line":26,"column":16},"end":{"line":26,"column":31}},"loc":{"start":{"line":26,"column":49},"end":{"line":31,"column":null}}},"2":{"name":"(anonymous_12)","decl":{"start":{"line":36,"column":10},"end":{"line":36,"column":38}},"loc":{"start":{"line":36,"column":51},"end":{"line":51,"column":3}}},"3":{"name":"(anonymous_13)","decl":{"start":{"line":56,"column":8},"end":{"line":56,"column":25}},"loc":{"start":{"line":56,"column":47},"end":{"line":92,"column":null}}},"4":{"name":"(anonymous_15)","decl":{"start":{"line":97,"column":8},"end":{"line":97,"column":27}},"loc":{"start":{"line":97,"column":57},"end":{"line":114,"column":null}}},"5":{"name":"(anonymous_17)","decl":{"start":{"line":119,"column":8},"end":{"line":119,"column":30}},"loc":{"start":{"line":119,"column":63},"end":{"line":136,"column":null}}}},"branchMap":{"0":{"loc":{"start":{"line":18,"column":4},"end":{"line":20,"column":5}},"type":"if","locations":[{"start":{"line":18,"column":4},"end":{"line":20,"column":5}}]},"1":{"loc":{"start":{"line":28,"column":4},"end":{"line":30,"column":5}},"type":"if","locations":[{"start":{"line":28,"column":4},"end":{"line":30,"column":5}}]},"2":{"loc":{"start":{"line":37,"column":4},"end":{"line":50,"column":5}},"type":"switch","locations":[{"start":{"line":38,"column":6},"end":{"line":39,"column":17}},{"start":{"line":40,"column":6},"end":{"line":41,"column":17}},{"start":{"line":42,"column":6},"end":{"line":43,"column":17}},{"start":{"line":44,"column":6},"end":{"line":45,"column":17}},{"start":{"line":46,"column":6},"end":{"line":47,"column":17}},{"start":{"line":48,"column":6},"end":{"line":49,"column":17}}]},"3":{"loc":{"start":{"line":105,"column":6},"end":{"line":107,"column":7}},"type":"if","locations":[{"start":{"line":105,"column":6},"end":{"line":107,"column":7}}]},"4":{"loc":{"start":{"line":127,"column":6},"end":{"line":129,"column":7}},"type":"if","locations":[{"start":{"line":127,"column":6},"end":{"line":129,"column":7}}]}},"s":{"0":2,"1":2,"2":6,"3":6,"4":1,"5":5,"6":5,"7":1,"8":3,"9":1,"10":1,"11":0,"12":1,"13":0,"14":0,"15":5,"16":5,"17":3,"18":3,"19":3,"20":3,"21":2,"22":2,"23":1,"24":1,"25":1,"26":1,"27":0,"28":1,"29":0,"30":0,"31":0,"32":0,"33":0,"34":0,"35":0,"36":0,"37":0,"38":0,"39":2},"f":{"0":6,"1":5,"2":3,"3":5,"4":1,"5":0},"b":{"0":[1],"1":[1],"2":[1,1,0,1,0,0],"3":[0],"4":[0]}}
,"C:\\Users\\Doo7a\\dija\\recommendation-system\\src\\services\\RecommendationService.ts": {"path":"C:\\Users\\Doo7a\\dija\\recommendation-system\\src\\services\\RecommendationService.ts","statementMap":{"0":{"start":{"line":1,"column":0},"end":{"line":1,"column":86}},"1":{"start":{"line":2,"column":0},"end":{"line":2,"column":null}},"2":{"start":{"line":8,"column":0},"end":{"line":8,"column":42}},"3":{"start":{"line":28,"column":17},"end":{"line":28,"column":51}},"4":{"start":{"line":29,"column":4},"end":{"line":31,"column":5}},"5":{"start":{"line":30,"column":6},"end":{"line":30,"column":40}},"6":{"start":{"line":32,"column":4},"end":{"line":32,"column":16}},"7":{"start":{"line":39,"column":4},"end":{"line":39,"column":40}},"8":{"start":{"line":46,"column":4},"end":{"line":46,"column":45}},"9":{"start":{"line":46,"column":28},"end":{"line":46,"column":45}},"10":{"start":{"line":48,"column":30},"end":{"line":48,"column":77}},"11":{"start":{"line":49,"column":23},"end":{"line":49,"column":50}},"12":{"start":{"line":51,"column":4},"end":{"line":53,"column":7}},"13":{"start":{"line":52,"column":6},"end":{"line":52,"column":42}},"14":{"start":{"line":55,"column":4},"end":{"line":55,"column":22}},"15":{"start":{"line":67,"column":23},"end":{"line":67,"column":81}},"16":{"start":{"line":69,"column":23},"end":{"line":71,"column":6}},"17":{"start":{"line":74,"column":4},"end":{"line":76,"column":5}},"18":{"start":{"line":75,"column":6},"end":{"line":75,"column":69}},"19":{"start":{"line":79,"column":4},"end":{"line":81,"column":5}},"20":{"start":{"line":80,"column":6},"end":{"line":80,"column":65}},"21":{"start":{"line":83,"column":4},"end":{"line":83,"column":24}},"22":{"start":{"line":97,"column":33},"end":{"line":107,"column":55}},"23":{"start":{"line":99,"column":28},"end":{"line":99,"column":75}},"24":{"start":{"line":100,"column":8},"end":{"line":100,"column":38}},"25":{"start":{"line":100,"column":26},"end":{"line":100,"column":38}},"26":{"start":{"line":103,"column":25},"end":{"line":103,"column":59}},"27":{"start":{"line":104,"column":8},"end":{"line":104,"column":43}},"28":{"start":{"line":105,"column":8},"end":{"line":105,"column":24}},"29":{"start":{"line":107,"column":19},"end":{"line":107,"column":29}},"30":{"start":{"line":108,"column":4},"end":{"line":108,"column":40}},"31":{"start":{"line":111,"column":26},"end":{"line":114,"column":6}},"32":{"start":{"line":112,"column":20},"end":{"line":112,"column":78}},"33":{"start":{"line":113,"column":6},"end":{"line":113,"column":32}},"34":{"start":{"line":117,"column":26},"end":{"line":117,"column":59}},"35":{"start":{"line":118,"column":4},"end":{"line":118,"column":67}},"36":{"start":{"line":118,"column":53},"end":{"line":118,"column":65}},"37":{"start":{"line":125,"column":4},"end":{"line":195,"column":null}},"38":{"start":{"line":128,"column":4},"end":{"line":194,"column":5}},"39":{"start":{"line":129,"column":6},"end":{"line":129,"column":87}},"40":{"start":{"line":132,"column":20},"end":{"line":132,"column":39}},"41":{"start":{"line":133,"column":29},"end":{"line":133,"column":57}},"42":{"start":{"line":136,"column":23},"end":{"line":136,"column":77}},"43":{"start":{"line":137,"column":36},"end":{"line":137,"column":89}},"44":{"start":{"line":139,"column":6},"end":{"line":142,"column":7}},"45":{"start":{"line":140,"column":8},"end":{"line":140,"column":92}},"46":{"start":{"line":141,"column":8},"end":{"line":141,"column":37}},"47":{"start":{"line":145,"column":35},"end":{"line":148,"column":8}},"48":{"start":{"line":150,"column":6},"end":{"line":150,"column":82}},"49":{"start":{"line":153,"column":35},"end":{"line":153,"column":69}},"50":{"start":{"line":153,"column":57},"end":{"line":153,"column":68}},"51":{"start":{"line":156,"column":35},"end":{"line":156,"column":88}},"52":{"start":{"line":157,"column":6},"end":{"line":157,"column":94}},"53":{"start":{"line":160,"column":27},"end":{"line":163,"column":null}},"54":{"start":{"line":166,"column":31},"end":{"line":166,"column":56}},"55":{"start":{"line":167,"column":6},"end":{"line":167,"column":98}},"56":{"start":{"line":169,"column":6},"end":{"line":172,"column":7}},"57":{"start":{"line":170,"column":8},"end":{"line":170,"column":64}},"58":{"start":{"line":171,"column":8},"end":{"line":171,"column":18}},"59":{"start":{"line":175,"column":30},"end":{"line":180,"column":null}},"60":{"start":{"line":183,"column":6},"end":{"line":183,"column":73}},"61":{"start":{"line":186,"column":6},"end":{"line":188,"column":7}},"62":{"start":{"line":187,"column":8},"end":{"line":187,"column":74}},"63":{"start":{"line":190,"column":6},"end":{"line":190,"column":29}},"64":{"start":{"line":192,"column":6},"end":{"line":192,"column":61}},"65":{"start":{"line":193,"column":6},"end":{"line":193,"column":18}},"66":{"start":{"line":201,"column":4},"end":{"line":253,"column":null}},"67":{"start":{"line":208,"column":4},"end":{"line":252,"column":5}},"68":{"start":{"line":209,"column":20},"end":{"line":209,"column":39}},"69":{"start":{"line":210,"column":21},"end":{"line":210,"column":40}},"70":{"start":{"line":213,"column":23},"end":{"line":213,"column":67}},"71":{"start":{"line":216,"column":28},"end":{"line":216,"column":81}},"72":{"start":{"line":217,"column":6},"end":{"line":220,"column":7}},"73":{"start":{"line":218,"column":8},"end":{"line":218,"column":91}},"74":{"start":{"line":219,"column":8},"end":{"line":219,"column":29}},"75":{"start":{"line":223,"column":18},"end":{"line":223,"column":32}},"76":{"start":{"line":225,"column":6},"end":{"line":227,"column":7}},"77":{"start":{"line":226,"column":8},"end":{"line":226,"column":57}},"78":{"start":{"line":229,"column":6},"end":{"line":231,"column":7}},"79":{"start":{"line":230,"column":8},"end":{"line":230,"column":53}},"80":{"start":{"line":234,"column":6},"end":{"line":234,"column":60}},"81":{"start":{"line":237,"column":6},"end":{"line":237,"column":46}},"82":{"start":{"line":240,"column":22},"end":{"line":240,"column":40}},"83":{"start":{"line":241,"column":6},"end":{"line":241,"column":86}},"84":{"start":{"line":244,"column":6},"end":{"line":246,"column":7}},"85":{"start":{"line":245,"column":8},"end":{"line":245,"column":66}},"86":{"start":{"line":248,"column":6},"end":{"line":248,"column":21}},"87":{"start":{"line":250,"column":6},"end":{"line":250,"column":55}},"88":{"start":{"line":251,"column":6},"end":{"line":251,"column":18}},"89":{"start":{"line":256,"column":0},"end":{"line":256,"column":43}}},"fnMap":{"0":{"name":"(anonymous_8)","decl":{"start":{"line":27,"column":16},"end":{"line":27,"column":24}},"loc":{"start":{"line":27,"column":39},"end":{"line":33,"column":null}}},"1":{"name":"(anonymous_10)","decl":{"start":{"line":38,"column":16},"end":{"line":38,"column":35}},"loc":{"start":{"line":38,"column":50},"end":{"line":40,"column":null}}},"2":{"name":"(anonymous_12)","decl":{"start":{"line":45,"column":16},"end":{"line":45,"column":36}},"loc":{"start":{"line":45,"column":57},"end":{"line":56,"column":null}}},"3":{"name":"(anonymous_14)","decl":{"start":{"line":51,"column":30},"end":{"line":51,"column":37}},"loc":{"start":{"line":51,"column":40},"end":{"line":53,"column":5}}},"4":{"name":"(anonymous_15)","decl":{"start":{"line":61,"column":10},"end":{"line":61,"column":27}},"loc":{"start":{"line":64,"column":34},"end":{"line":84,"column":3}}},"5":{"name":"(anonymous_16)","decl":{"start":{"line":89,"column":10},"end":{"line":89,"column":29}},"loc":{"start":{"line":94,"column":17},"end":{"line":119,"column":3}}},"6":{"name":"(anonymous_17)","decl":{"start":{"line":98,"column":11},"end":{"line":98,"column":22}},"loc":{"start":{"line":98,"column":25},"end":{"line":106,"column":7}}},"7":{"name":"(anonymous_18)","decl":{"start":{"line":
[...]
,"C:\\Users\\Doo7a\\dija\\recommendation-system\\src\\services\\index.ts": {"path":"C:\\Users\\Doo7a\\dija\\recommendation-system\\src\\services\\index.ts","statementMap":{"0":{"start":{"line":1,"column":0},"end":{"line":1,"column":7}},"1":{"start":{"line":7,"column":2},"end":{"line":1,"column":60}},"2":{"start":{"line":2,"column":0},"end":{"line":2,"column":7}},"3":{"start":{"line":8,"column":2},"end":{"line":2,"column":54}},"4":{"start":{"line":3,"column":0},"end":{"line":3,"column":7}},"5":{"start":{"line":9,"column":2},"end":{"line":3,"column":42}},"6":{"start":{"line":4,"column":0},"end":{"line":4,"column":7}},"7":{"start":{"line":10,"column":2},"end":{"line":4,"column":46}}},"fnMap":{},"branchMap":{},"s":{"0":2,"1":2,"2":2,"3":2,"4":2,"5":2,"6":2,"7":2},"f":{},"b":{}}
,"C:\\Users\\Doo7a\\dija\\recommendation-system\\src\\utils\\RecommendationUtils.ts": {"path":"C:\\Users\\Doo7a\\dija\\recommendation-system\\src\\utils\\RecommendationUtils.ts","statementMap":{"0":{"start":{"line":16,"column":37},"end":{"line":92,"column":1}},"1":{"start":{"line":21,"column":14},"end":{"line":21,"column":15}},"2":{"start":{"line":24,"column":23},"end":{"line":24,"column":81}},"3":{"start":{"line":24,"column":50},"end":{"line":24,"column":80}},"4":{"start":{"line":25,"column":2},"end":{"line":25,"column":35}},"5":{"start":{"line":28,"column":21},"end":{"line":28,"column":71}},"6":{"start":{"line":29,"column":28},"end":{"line":29,"column":62}},"7":{"start":{"line":30,"column":2},"end":{"line":30,"column":50}},"8":{"start":{"line":33,"column":2},"end":{"line":33,"column":48}},"9":{"start":{"line":36,"column":26},"end":{"line":36,"column":43}},"10":{"start":{"line":37,"column":34},"end":{"line":37,"column":39}},"11":{"start":{"line":40,"column":33},"end":{"line":46,"column":4}},"12":{"start":{"line":49,"column":2},"end":{"line":63,"column":5}},"13":{"start":{"line":50,"column":4},"end":{"line":50,"column":41}},"14":{"start":{"line":50,"column":34},"end":{"line":50,"column":41}},"15":{"start":{"line":53,"column":19},"end":{"line":53,"column":103}},"16":{"start":{"line":56,"column":4},"end":{"line":56,"column":74}},"17":{"start":{"line":56,"column":48},"end":{"line":56,"column":72}},"18":{"start":{"line":59,"column":4},"end":{"line":62,"column":5}},"19":{"start":{"line":60,"column":6},"end":{"line":60,"column":39}},"20":{"start":{"line":61,"column":6},"end":{"line":61,"column":26}},"21":{"start":{"line":66,"column":34},"end":{"line":66,"column":86}},"22":{"start":{"line":66,"column":61},"end":{"line":66,"column":85}},"23":{"start":{"line":67,"column":2},"end":{"line":67,"column":48}},"24":{"start":{"line":70,"column":21},"end":{"line":70,"column":31}},"25":{"start":{"line":71,"column":2},"end":{"line":71,"column":47}},"26":{"start":{"line":73,"column":29},"end":{"line":74,"column":null}},"27":{"start":{"line":74,"column":4},"end":{"line":74,"column":45}},"28":{"start":{"line":77,"column":2},"end":{"line":89,"column":3}},"29":{"start":{"line":79,"column":23},"end":{"line":79,"column":40}},"30":{"start":{"line":80,"column":4},"end":{"line":84,"column":7}},"31":{"start":{"line":81,"column":6},"end":{"line":83,"column":7}},"32":{"start":{"line":82,"column":8},"end":{"line":82,"column":73}},"33":{"start":{"line":82,"column":52},"end":{"line":82,"column":71}},"34":{"start":{"line":87,"column":31},"end":{"line":87,"column":78}},"35":{"start":{"line":87,"column":58},"end":{"line":87,"column":77}},"36":{"start":{"line":88,"column":4},"end":{"line":88,"column":43}},"37":{"start":{"line":91,"column":2},"end":{"line":91,"column":15}},"38":{"start":{"line":16,"column":13},"end":{"line":16,"column":37}},"39":{"start":{"line":97,"column":34},"end":{"line":99,"column":1}},"40":{"start":{"line":98,"column":2},"end":{"line":98,"column":57}},"41":{"start":{"line":98,"column":38},"end":{"line":98,"column":55}},"42":{"start":{"line":97,"column":13},"end":{"line":97,"column":34}},"43":{"start":{"line":104,"column":35},"end":{"line":107,"column":1}},"44":{"start":{"line":105,"column":2},"end":{"line":105,"column":32}},"45":{"start":{"line":105,"column":13},"end":{"line":105,"column":32}},"46":{"start":{"line":106,"column":2},"end":{"line":106,"column":62}},"47":{"start":{"line":106,"column":39},"end":{"line":106,"column":60}},"48":{"start":{"line":104,"column":13},"end":{"line":104,"column":35}},"49":{"start":{"line":112,"column":35},"end":{"line":117,"column":1}},"50":{"start":{"line":113,"column":2},"end":{"line":113,"column":53}},"51":{"start":{"line":113,"column":34},"end":{"line":113,"column":53}},"52":{"start":{"line":114,"column":2},"end":{"line":116,"column":4}},"53":{"start":{"line":115,"column":4},"end":{"line":115,"column":48}},"54":{"start":{"line":115,"column":29},"end":{"line":115,"column":47}},"55":{"start":{"line":112,"column":13},"end":{"line":112,"column":35}}},"fnMap":{"0":{"name":"(anonymous_0)","decl":{"start":{"line":16,"column":37},"end":{"line":16,"column":null}},"loc":{"start":{"line":20,"column":12},"end":{"line":92,"column":1}}},"1":{"name":"(anonymous_1)","decl":{"start":{"line":24,"column":43},"end":{"line":24,"column":46}},"loc":{"start":{"line":24,"column":50},"end":{"line":24,"column":80}}},"2":{"name":"(anonymous_2)","decl":{"start":{"line":49,"column":27},"end":{"line":49,"column":38}},"loc":{"start":{"line":49,"column":41},"end":{"line":63,"column":3}}},"3":{"name":"(anonymous_3)","decl":{"start":{"line":56,"column":41},"end":{"line":56,"column":44}},"loc":{"start":{"line":56,"column":48},"end":{"line":56,"column":72}}},"4":{"name":"(anonymous_4)","decl":{"start":{"line":66,"column":54},"end":{"line":66,"column":57}},"loc":{"start":{"line":66,"column":61},"end":{"line":66,"column":85}}},"5":{"name":"(anonymous_5)","decl":{"start":{"line":73,"column":53},"end":{"line":73,"column":54}},"loc":{"start":{"line":74,"column":4},"end":{"line":74,"column":45}}},"6":{"name":"(anonymous_6)","decl":{"start":{"line":80,"column":31},"end":{"line":80,"column":42}},"loc":{"start":{"line":80,"column":45},"end":{"line":84,"column":5}}},"7":{"name":"(anonymous_7)","decl":{"start":{"line":82,"column":45},"end":{"line":82,"column":48}},"loc":{"start":{"line":82,"column":52},"end":{"line":82,"column":71}}},"8":{"name":"(anonymous_8)","decl":{"start":{"line":87,"column":51},"end":{"line":87,"column":54}},"loc":{"start":{"line":87,"column":58},"end":{"line":87,"column":77}}},"9":{"name":"(anonymous_9)","decl":{"start":{"line":97,"column":34},"end":{"line":97,"column":35}},"loc":{"start":{"line":97,"column":84},"end":{"line":99,"column":1}}},"10":{"name":"(anonymous_10)","decl":{"start":{"line":98,"column":28},"end":{"line":98,"column":29}},"loc":{"start":{"line":98,"column":38},"end":{"line":98,"column":55}}},"11":{"name":"(anonymous_11)","decl":{"start":{"line":104,"column":35},"end":{"line":104,"column":36}},"loc":{"start":{"line":104,"column":90},"end":{"line":107,"column":1}}},"12":{"name":"(anonymous_12)","decl":{"start":{"line":106,"column":28},"end":{"line":106,"column":35}},"loc":{"start":{"line":106,"column":39},"end":{"line":106,"column":60}}},"13":{"name":"(anonymous_13)","decl":{"start":{"line":112,"column":35},"end":{"line":112,"column":36}},"loc":{"start":{"line":112,"column":92},"end":{"line":117,"column":1}}},"14":{"name":"(anonymous_14)","decl":{"start":{"line":114,"column":28},"end":{"line":114,"column":35}},"loc":{"start":{"line":115,"column":4},"end":{"line":115,"column":48}}},"15":{"name":"(anonymous_15)","decl":{"start":{"line":115,"column":22},"end":{"line":115,"column":25}},"loc":{"start":{"line":115,"column":29},"end":{"line":115,"column":47}}}},"branchMap":{"0":{"loc":{"start":{"line":50,"column":4},"end":{"line":50,"column":41}},"type":"if","locations":[{"start":{"line":50,"column":4},"end":{"line":50,"column":41}}]},"1":{"loc":{"start":{"line":53,"column":19},"end":{"line":53,"column":103}},"type":"binary-expr","locations":[{"start":{"line":53,"column":19},"end":{"line":53,"column":98}},{"start":{"line":53,"column":102},"end":{"line":53,"column":103}}]},"2":{"loc":{"start":{"line":59,"column":4},"end":{"line":62,"column":5}},"type":"if","locations":[{"start":{"line":59,"column":4},"end":{"line":62,"column":5}}]},"3":{"loc":{"start":{"line":74,"column":4},"end":{"line":74,"column":45}},"type":"binary-expr","locations":[{"start":{"line":74,"column":4},"end":{"line":74,"column":28}},{"start":{"line":74,"column":32},"end":{"line":74,"column":45}}]},"4":{"loc":{"start":{"line":77,"column":2},"end":{"line":89,"column":3}},"type":"if","locations":[{"start":{"line":77,"column":2},"end":{"line":89,"column":3}}]},"5":{"loc":{"start":{"line":81,"column":6},"end":{"line":83,"column":7}},"type":"if","locations":[{"start":{"line":81,"column":6},"end":{"line":83,"column":7}}]},"6":{"loc":{"start":{"line":105,"column":2},"end":{"line":105,"column":32}},"type":"if","locations":[{"start":{"line":105,"column":2},"end":{"line":105,"column":32}}]},"7":{"loc":{"start":{"line":113,"column":2},"end":{"line":113,"column":53}},"type":"if","locations":[{"start":{"line":113,"column":2},"end":{"line":113,"column":53}}]},"8":{"loc":{"start":{"line":113,"column":6},"end":{"line":113,"column":32}},"type":"binary-expr","locations":[{"start":{"line":113,"column":6},"end":{"line":113,"column":11}},{"start":{"line":113,"column":15},"end":{"line":113,"column":32}}]}},"s":{"0":2,"1":3,"2":3,"3":3,"4":3,"5":3,"6":3,"7":3,"8":3,"9":3,"10":3,"11":3,"12":3,"13":5,"14":0,"15":5,"16":5,"17":5,"18":5,"19":3,"20":3,"21":3,"22":3,"23":3,"24":3,"25":3,"26":3,"27":5,"28":3,"29":0,"30":0,"31":0,"32":0,"33":0,"34":0,"35":0,"36":0,"37":3,"38":2,"39":2,"40":2,"41":1,"42":2,"43":2,"44":0,"45":0,"46":0,"47":0,"48":2,"49":2,"50":0,"51":0,"52":0,"53":0,"54":0,"55":2},"f":{"0":3,"1":3,"2":5,"3":5,"4":3,"5":5,"6":0,"7":0,"8":0,"9":2,"10":1,"11":0,"12":0,"13":0,"14":0,"15":0},"b":{"0":[0],"1":[5,0],"2":[3],"3":[5,0],"4":[0],"5":[0],"6":[0],"7":[0],"8":[0,0]}}
,"C:\\Users\\Doo7a\\dija\\recommendation-system\\src\\utils\\apiResponse.ts": {"path":"C:\\Users\\Doo7a\\dija\\recommendation-system\\src\\utils\\apiResponse.ts","statementMap":{"0":{"start":{"line":20,"column":4},"end":{"line":20,"column":21}},"1":{"start":{"line":21,"column":4},"end":{"line":21,"column":27}},"2":{"start":{"line":22,"column":4},"end":{"line":22,"column":25}},"3":{"start":{"line":4,"column":0},"end":{"line":4,"column":13}}},"fnMap":{"0":{"name":"(anonymous_0)","decl":{"start":{"line":15,"column":2},"end":{"line":15,"column":null}},"loc":{"start":{"line":18,"column":45},"end":{"line":23,"column":3}}}},"branchMap":{"0":{"loc":{"start":{"line":16,"column":4},"end":{"line":16,"column":20}},"type":"default-arg","locations":[{"start":{"line":16,"column":16},"end":{"line":16,"column":20}}]},"1":{"loc":{"start":{"line":17,"column":4},"end":{"line":17,"column":44}},"type":"default-arg","locations":[{"start":{"line":17,"column":22},"end":{"line":17,"column":44}}]},"2":{"loc":{"start":{"line":18,"column":4},"end":{"line":18,"column":45}},"type":"default-arg","locations":[{"start":{"line":18,"column":36},"end":{"line":18,"column":45}}]}},"s":{"0":10,"1":10,"2":10,"3":1},"f":{"0":10},"b":{"0":[0],"1":[0],"2":[3]}}
,"C:\\Users\\Doo7a\\dija\\recommendation-system\\src\\utils\\errorMiddleware.ts": {"path":"C:\\Users\\Doo7a\\dija\\recommendation-system\\src\\utils\\errorMiddleware.ts","statementMap":{"0":{"start":{"line":2,"column":0},"end":{"line":2,"column":44}},"1":{"start":{"line":5,"column":24},"end":{"line":9,"column":1}},"2":{"start":{"line":6,"column":16},"end":{"line":6,"column":65}},"3":{"start":{"line":7,"column":2},"end":{"line":7,"column":18}},"4":{"start":{"line":8,"column":2},"end":{"line":8,"column":14}},"5":{"start":{"line":5,"column":13},"end":{"line":5,"column":24}},"6":{"start":{"line":12,"column":28},"end":{"line":22,"column":1}},"7":{"start":{"line":13,"column":21},"end":{"line":13,"column":66}},"8":{"start":{"line":15,"column":2},"end":{"line":21,"column":4}},"9":{"start":{"line":12,"column":13},"end":{"line":12,"column":28}}},"fnMap":{"0":{"name":"(anonymous_0)","decl":{"start":{"line":5,"column":24},"end":{"line":5,"column":25}},"loc":{"start":{"line":5,"column":82},"end":{"line":9,"column":1}}},"1":{"name":"(anonymous_1)","decl":{"start":{"line":12,"column":28},"end":{"line":12,"column":29}},"loc":{"start":{"line":12,"column":98},"end":{"line":22,"column":1}}}},"branchMap":{"0":{"loc":{"start":{"line":13,"column":21},"end":{"line":13,"column":66}},"type":"cond-expr","locations":[{"start":{"line":13,"column":46},"end":{"line":13,"column":49}},{"start":{"line":13,"column":52},"end":{"line":13,"column":66}}]},"1":{"loc":{"start":{"line":17,"column":6},"end":{"line":17,"column":73}},"type":"cond-expr","locations":[{"start":{"line":17,"column":46},"end":{"line":17,"column":50}},{"start":{"line":17,"column":53},"end":{"line":17,"column":73}}]}},"s":{"0":0,"1":0,"2":0,"3":0,"4":0,"5":0,"6":0,"7":0,"8":0,"9":0},"f":{"0":0,"1":0},"b":{"0":[0,0],"1":[0,0]}}
,"C:\\Users\\Doo7a\\dija\\recommendation-system\\src\\utils\\validationMiddleware.ts": {"path":"C:\\Users\\Doo7a\\dija\\recommendation-system\\src\\utils\\validationMiddleware.ts","statementMap":{"0":{"start":{"line":10,"column":24},"end":{"line":55,"column":1}},"1":{"start":{"line":11,"column":2},"end":{"line":54,"column":4}},"2":{"start":{"line":12,"column":56},"end":{"line":12,"column":58}},"3":{"start":{"line":15,"column":4},"end":{"line":22,"column":5}},"4":{"start":{"line":16,"column":24},"end":{"line":16,"column":77}},"5":{"start":{"line":17,"column":6},"end":{"line":21,"column":7}},"6":{"start":{"line":18,"column":8},"end":{"line":20,"column":11}},"7":{"start":{"line":19,"column":10},"end":{"line":19,"column":60}},"8":{"start":{"line":25,"column":4},"end":{"line":32,"column":5}},"9":{"start":{"line":26,"column":24},"end":{"line":26,"column":79}},"10":{"start":{"line":27,"column":6},"end":{"line":31,"column":7}},"11":{"start":{"line":28,"column":8},"end":{"line":30,"column":11}},"12":{"start":{"line":29,"column":10},"end":{"line":29,"column":60}},"13":{"start":{"line":35,"column":4},"end":{"line":42,"column":5}},"14":{"start":{"line":36,"column":24},"end":{"line":36,"column":81}},"15":{"start":{"line":37,"column":6},"end":{"line":41,"column":7}},"16":{"start":{"line":38,"column":8},"end":{"line":40,"column":11}},"17":{"start":{"line":39,"column":10},"end":{"line":39,"column":60}},"18":{"start":{"line":45,"column":4},"end":{"line":51,"column":5}},"19":{"start":{"line":46,"column":6},"end":{"line":49,"column":9}},"20":{"start":{"line":50,"column":6},"end":{"line":50,"column":13}},"21":{"start":{"line":53,"column":4},"end":{"line":53,"column":11}},"22":{"start":{"line":10,"column":13},"end":{"line":10,"column":24}}},"fnMap":{"0":{"name":"(anonymous_0)","decl":{"start":{"line":10,"column":24},"end":{"line":10,"column":25}},"loc":{"start":{"line":10,"column":53},"end":{"line":55,"column":1}}},"1":{"name":"(anonymous_1)","decl":{"start":{"line":11,"column":9},"end":{"line":11,"column":10}},"loc":{"start":{"line":11,"column":67},"end":{"line":54,"column":3}}},"2":{"name":"(anonymous_2)","decl":{"start":{"line":18,"column":30},"end":{"line":18,"column":31}},"loc":{"start":{"line":18,"column":41},"end":{"line":20,"column":9}}},"3":{"name":"(anonymous_3)","decl":{"start":{"line":28,"column":30},"end":{"line":28,"column":31}},"loc":{"start":{"line":28,"column":41},"end":{"line":30,"column":9}}},"4":{"name":"(anonymous_4)","decl":{"start":{"line":38,"column":30},"end":{"line":38,"column":31}},"loc":{"start":{"line":38,"column":41},"end":{"line":40,"column":9}}}},"branchMap":{"0":{"loc":{"start":{"line":15,"column":4},"end":{"line":22,"column":5}},"type":"if","locations":[{"start":{"line":15,"column":4},"end":{"line":22,"column":5}}]},"1":{"loc":{"start":{"line":17,"column":6},"end":{"line":21,"column":7}},"type":"if","locations":[{"start":{"line":17,"column":6},"end":{"line":21,"column":7}}]},"2":{"loc":{"start":{"line":25,"column":4},"end":{"line":32,"column":5}},"type":"if","locations":[{"start":{"line":25,"column":4},"end":{"line":32,"column":5}}]},"3":{"loc":{"start":{"line":27,"column":6},"end":{"line":31,"column":7}},"type":"if","locations":[{"start":{"line":27,"column":6},"end":{"line":31,"column":7}}]},"4":{"loc":{"start":{"line":35,"column":4},"end":{"line":42,"column":5}},"type":"if","locations":[{"start":{"line":35,"column":4},"end":{"line":42,"column":5}}]},"5":{"loc":{"start":{"line":37,"column":6},"end":{"line":41,"column":7}},"type":"if","locations":[{"start":{"line":37,"column":6},"end":{"line":41,"column":7}}]},"6":{"loc":{"start":{"line":45,"column":4},"end":{"line":51,"column":5}},"type":"if","locations":[{"start":{"line":45,"column":4},"end":{"line":51,"column":5}}]}},"s":{"0":0,"1":0,"2":0,"3":0,"4":0,"5":0,"6":0,"7":0,"8":0,"9":0,"10":0,"11":0,"12":0,"13":0,"14":0,"15":0,"16":0,"17":0,"18":0,"19":0,"20":0,"21":0,"22":0},"f":{"0":0,"1":0,"2":0,"3":0,"4":0},"b":{"0":[0],"1":[0],"2":[0],"3":[0],"4":[0],"5":[0],"6":[0]}}
,"C:\\Users\\Doo7a\\dija\\recommendation-system\\src\\utils\\validationSchemas.ts": {"path":"C:\\Users\\Doo7a\\dija\\recommendation-system\\src\\utils\\validationSchemas.ts","statementMap":{"0":{"start":{"line":1,"column":0},"end":{"line":1,"column":22}},"1":{"start":{"line":4,"column":13},"end":{"line":8,"column":3}},"2":{"start":{"line":10,"column":13},"end":{"line":13,"column":3}},"3":{"start":{"line":16,"column":13},"end":{"line":29,"column":3}},"4":{"start":{"line":32,"column":13},"end":{"line":34,"column":3}},"5":{"start":{"line":37,"column":13},"end":{"line":39,"column":3}},"6":{"start":{"line":42,"column":13},"end":{"line":44,"column":3}},"7":{"start":{"line":46,"column":13},"end":{"line":51,"column":3}},"8":{"start":{"line":53,"column":13},"end":{"line":56,"column":3}},"9":{"start":{"line":59,"column":13},"end":{"line":66,"column":3}},"10":{"start":{"line":69,"column":13},"end":{"line":71,"column":3}},"11":{"start":{"line":73,"column":13},"end":{"line":77,"column":3}},"12":{"start":{"line":79,"column":13},"end":{"line":83,"column":10}},"13":{"start":{"line":85,"column":13},"end":{"line":95,"column":3}},"14":{"start":{"line":97,"column":13},"end":{"line":101,"column":3}}},"fnMap":{},"branchMap":{},"s":{"0":1,"1":1,"2":1,"3":1,"4":1,"5":1,"6":1,"7":1,"8":1,"9":1,"10":1,"11":1,"12":1,"13":1,"14":1},"f":{},"b":{}}
,"C:\\Users\\Doo7a\\dija\\recommendation-system\\src\\validators\\contentValidator.ts": {"path":"C:\\Users\\Doo7a\\dija\\recommendation-system\\src\\validators\\contentValidator.ts","statementMap":{"0":{"start":{"line":1,"column":0},"end":{"line":1,"column":22}},"1":{"start":{"line":3,"column":13},"end":{"line":8,"column":3}}},"fnMap":{},"branchMap":{},"s":{"0":0,"1":0},"f":{},"b":{}}
}
