TN:
SF:src\app.ts
FN:36,(anonymous_1)
FN:49,(anonymous_2)
FNF:2
FNH:0
FNDA:0,(anonymous_1)
FNDA:0,(anonymous_2)
DA:1,0
DA:2,0
DA:3,0
DA:4,0
DA:5,0
DA:6,0
DA:7,0
DA:8,0
DA:9,0
DA:12,0
DA:15,0
DA:16,0
DA:19,0
DA:20,0
DA:23,0
DA:24,0
DA:25,0
DA:26,0
DA:27,0
DA:30,0
DA:33,0
DA:36,0
DA:37,0
DA:44,0
DA:45,0
DA:48,0
DA:49,0
DA:50,0
DA:54,0
LF:29
LH:0
BRDA:16,0,0,0
BRDA:16,0,1,0
BRDA:48,1,0,0
BRF:3
BRH:0
end_of_record
TN:
SF:src\config\cache.ts
FN:12,(anonymous_8)
FN:14,(anonymous_9)
FN:14,(anonymous_10)
FN:26,(anonymous_11)
FN:26,(anonymous_12)
FN:33,(anonymous_13)
FN:33,(anonymous_14)
FN:42,(anonymous_15)
FN:42,(anonymous_16)
FN:54,(anonymous_17)
FN:54,(anonymous_18)
FNF:11
FNH:0
FNDA:0,(anonymous_8)
FNDA:0,(anonymous_9)
FNDA:0,(anonymous_10)
FNDA:0,(anonymous_11)
FNDA:0,(anonymous_12)
FNDA:0,(anonymous_13)
FNDA:0,(anonymous_14)
FNDA:0,(anonymous_15)
FNDA:0,(anonymous_16)
FNDA:0,(anonymous_17)
FNDA:0,(anonymous_18)
DA:1,0
DA:2,0
DA:4,0
DA:6,0
DA:8,0
DA:12,0
DA:14,0
DA:15,0
DA:16,0
DA:17,0
DA:19,0
DA:23,0
DA:26,0
DA:27,0
DA:28,0
DA:33,0
DA:34,0
DA:35,0
DA:36,0
DA:38,0
DA:42,0
DA:43,0
DA:44,0
DA:45,0
DA:46,0
DA:47,0
DA:49,0
DA:50,0
DA:54,0
DA:55,0
DA:56,0
DA:57,0
DA:59,0
LF:33
LH:0
BRDA:6,0,0,0
BRDA:6,0,1,0
BRDA:27,1,0,0
BRDA:33,2,0,0
BRDA:46,3,0,0
BRF:5
BRH:0
end_of_record
TN:
SF:src\config\database.ts
FN:8,(anonymous_8)
FN:8,(anonymous_9)
FNF:2
FNH:0
FNDA:0,(anonymous_8)
FNDA:0,(anonymous_9)
DA:1,0
DA:2,0
DA:4,0
DA:6,0
DA:8,0
DA:9,0
DA:10,0
DA:11,0
DA:13,0
DA:14,0
DA:18,0
LF:11
LH:0
BRDA:6,0,0,0
BRDA:6,0,1,0
BRF:2
BRH:0
end_of_record
TN:
SF:src\config\index.ts
FN:6,(anonymous_1)
FN:7,(anonymous_2)
FN:8,(anonymous_3)
FN:9,(anonymous_4)
FN:10,(anonymous_5)
FNF:5
FNH:0
FNDA:0,(anonymous_1)
FNDA:0,(anonymous_2)
FNDA:0,(anonymous_3)
FNDA:0,(anonymous_4)
FNDA:0,(anonymous_5)
DA:1,0
DA:2,0
DA:5,0
DA:6,0
DA:7,0
DA:8,0
DA:9,0
DA:10,0
LF:8
LH:0
BRF:0
BRH:0
end_of_record
TN:
SF:src\controllers\ContentController.ts
FN:9,(anonymous_7)
FN:26,(anonymous_9)
FN:69,(anonymous_11)
FNF:3
FNH:0
FNDA:0,(anonymous_7)
FNDA:0,(anonymous_9)
FNDA:0,(anonymous_11)
DA:2,0
DA:3,0
DA:10,0
DA:11,0
DA:12,0
DA:16,0
DA:17,0
DA:27,0
DA:35,0
DA:38,0
DA:47,0
DA:49,0
DA:59,0
DA:60,0
DA:70,0
DA:71,0
DA:73,0
DA:78,0
DA:80,0
DA:84,0
DA:85,0
DA:92,0
LF:22
LH:0
BRDA:18,0,0,0
BRDA:18,0,1,0
BRDA:31,1,0,0
BRDA:32,2,0,0
BRDA:33,3,0,0
BRDA:34,4,0,0
BRDA:40,5,0,0
BRDA:40,5,1,0
BRDA:40,6,0,0
BRDA:40,6,1,0
BRDA:61,7,0,0
BRDA:61,7,1,0
BRDA:71,8,0,0
BRDA:71,9,0,0
BRDA:86,10,0,0
BRDA:86,10,1,0
BRF:16
BRH:0
end_of_record
TN:
SF:src\controllers\InteractionController.ts
FN:21,(anonymous_7)
FN:61,(anonymous_9)
FNF:2
FNH:0
FNDA:0,(anonymous_7)
FNDA:0,(anonymous_9)
DA:2,0
DA:3,0
DA:22,0
DA:24,0
DA:26,0
DA:27,0
DA:30,0
DA:33,0
DA:36,0
DA:44,0
DA:46,0
DA:50,0
DA:51,0
DA:52,0
DA:62,0
DA:65,0
DA:68,0
DA:69,0
DA:72,0
DA:75,0
DA:77,0
DA:82,0
DA:86,0
DA:87,0
DA:88,0
DA:95,0
LF:26
LH:0
BRDA:24,0,0,0
BRDA:24,0,1,0
BRDA:24,1,0,0
BRDA:24,1,1,0
BRDA:26,2,0,0
BRDA:51,3,0,0
BRDA:51,3,1,0
BRDA:53,4,0,0
BRDA:53,4,1,0
BRDA:68,5,0,0
BRDA:68,6,0,0
BRDA:68,6,1,0
BRDA:68,7,0,0
BRDA:68,7,1,0
BRDA:68,8,0,0
BRDA:68,8,1,0
BRDA:68,9,0,0
BRDA:68,9,1,0
BRDA:68,10,0,0
BRDA:68,10,1,0
BRDA:87,11,0,0
BRDA:87,11,1,0
BRDA:89,12,0,0
BRDA:89,12,1,0
BRF:24
BRH:0
end_of_record
TN:
SF:src\controllers\RecommendationController.ts
FN:9,(anonymous_7)
FN:66,(anonymous_9)
FNF:2
FNH:0
FNDA:0,(anonymous_7)
FNDA:0,(anonymous_9)
DA:2,0
DA:3,0
DA:10,0
DA:11,0
DA:18,0
DA:20,0
DA:21,0
DA:24,0
DA:28,0
DA:29,0
DA:32,0
DA:35,0
DA:38,0
DA:44,0
DA:47,0
DA:49,0
DA:51,0
DA:55,0
DA:56,0
DA:57,0
DA:67,0
DA:68,0
DA:70,0
DA:73,0
DA:81,0
DA:83,0
DA:85,0
DA:89,0
DA:90,0
DA:97,0
LF:30
LH:0
BRDA:14,0,0,0
BRDA:14,0,1,0
BRDA:14,1,0,0
BRDA:14,1,1,0
BRDA:18,2,0,0
BRDA:18,2,1,0
BRDA:18,3,0,0
BRDA:18,3,1,0
BRDA:18,4,0,0
BRDA:18,4,1,0
BRDA:20,5,0,0
BRDA:28,6,0,0
BRDA:28,7,0,0
BRDA:28,7,1,0
BRDA:28,7,2,0
BRDA:28,8,0,0
BRDA:28,8,1,0
BRDA:28,9,0,0
BRDA:28,9,1,0
BRDA:28,10,0,0
BRDA:28,10,1,0
BRDA:28,11,0,0
BRDA:28,11,1,0
BRDA:39,12,0,0
BRDA:39,12,1,0
BRDA:41,13,0,0
BRDA:41,13,1,0
BRDA:41,14,0,0
BRDA:41,14,1,0
BRDA:56,15,0,0
BRDA:56,15,1,0
BRDA:58,16,0,0
BRDA:58,16,1,0
BRDA:75,17,0,0
BRDA:75,17,1,0
BRDA:75,18,0,0
BRDA:75,18,1,0
BRDA:76,19,0,0
BRDA:76,19,1,0
BRDA:77,20,0,0
BRDA:77,20,1,0
BRDA:91,21,0,0
BRDA:91,21,1,0
BRF:43
BRH:0
end_of_record
TN:
SF:src\controllers\authController.ts
FN:12,(anonymous_8)
FN:12,(anonymous_9)
FN:62,(anonymous_10)
FN:62,(anonymous_11)
FN:117,(anonymous_12)
FN:117,(anonymous_13)
FNF:6
FNH:6
FNDA:4,(anonymous_8)
FNDA:4,(anonymous_9)
FNDA:4,(anonymous_10)
FNDA:4,(anonymous_11)
FNDA:2,(anonymous_12)
FNDA:2,(anonymous_13)
DA:2,1
DA:3,1
DA:4,1
DA:5,1
DA:12,4
DA:13,4
DA:15,4
DA:16,4
DA:17,1
DA:22,3
DA:25,3
DA:26,2
DA:27,1
DA:33,1
DA:39,1
DA:46,1
DA:50,1
DA:51,1
DA:62,4
DA:63,4
DA:65,4
DA:66,4
DA:67,1
DA:72,3
DA:75,3
DA:76,3
DA:77,1
DA:83,2
DA:84,2
DA:85,1
DA:91,1
DA:93,1
DA:101,1
DA:105,0
DA:106,0
DA:117,2
DA:118,2
DA:119,2
DA:121,2
DA:122,1
DA:127,1
DA:134,1
DA:138,0
DA:139,0
LF:44
LH:40
BRDA:16,0,0,1
BRDA:26,1,0,1
BRDA:36,2,0,1
BRDA:36,2,1,0
BRDA:50,3,0,1
BRDA:50,3,1,0
BRDA:66,4,0,1
BRDA:76,5,0,1
BRDA:84,6,0,1
BRDA:105,7,0,0
BRDA:105,7,1,0
BRDA:119,8,0,0
BRDA:119,8,1,2
BRDA:119,9,0,2
BRDA:119,9,1,2
BRDA:121,10,0,1
BRDA:138,11,0,0
BRDA:138,11,1,0
BRF:18
BRH:11
end_of_record
TN:
SF:src\controllers\index.ts
FNF:0
FNH:0
DA:1,0
DA:2,0
DA:3,0
DA:6,0
DA:7,0
DA:8,0
LF:6
LH:0
BRF:0
BRH:0
end_of_record
TN:
SF:src\middleware\authMiddleware.ts
FN:18,(anonymous_8)
FN:18,(anonymous_9)
FN:58,(anonymous_10)
FN:68,(anonymous_11)
FNF:4
FNH:0
FNDA:0,(anonymous_8)
FNDA:0,(anonymous_9)
FNDA:0,(anonymous_10)
FNDA:0,(anonymous_11)
DA:2,0
DA:3,0
DA:4,0
DA:18,0
DA:19,0
DA:21,0
DA:23,0
DA:24,0
DA:27,0
DA:31,0
DA:32,0
DA:35,0
DA:37,0
DA:38,0
DA:41,0
DA:45,0
DA:46,0
DA:48,0
DA:51,0
DA:58,0
DA:59,0
DA:60,0
DA:62,0
DA:68,0
DA:69,0
DA:70,0
DA:72,0
LF:27
LH:0
BRDA:23,0,0,0
BRDA:23,1,0,0
BRDA:23,1,1,0
BRDA:37,2,0,0
BRDA:59,3,0,0
BRDA:59,3,1,0
BRDA:59,4,0,0
BRDA:59,4,1,0
BRDA:69,5,0,0
BRDA:69,5,1,0
BRDA:69,6,0,0
BRDA:69,6,1,0
BRF:12
BRH:0
end_of_record
TN:
SF:src\middleware\responseMiddleware.ts
FN:8,(anonymous_0)
FN:13,(anonymous_1)
FNF:2
FNH:0
FNDA:0,(anonymous_0)
FNDA:0,(anonymous_1)
DA:2,0
DA:8,0
DA:10,0
DA:13,0
DA:15,0
DA:16,0
DA:20,0
DA:23,0
DA:25,0
DA:30,0
DA:33,0
LF:11
LH:0
BRDA:15,0,0,0
BRDA:15,1,0,0
BRDA:15,1,1,0
BRDA:15,1,2,0
BRDA:15,1,3,0
BRDA:20,2,0,0
BRDA:20,2,1,0
BRF:7
BRH:0
end_of_record
TN:
SF:src\models\Content.ts
FNF:0
FNH:0
DA:1,0
DA:2,0
DA:13,0
DA:41,0
LF:4
LH:0
BRF:0
BRH:0
end_of_record
TN:
SF:src\models\Interaction.ts
FN:35,(anonymous_9)
FN:41,(anonymous_10)
FNF:2
FNH:0
FNDA:0,(anonymous_9)
FNDA:0,(anonymous_10)
DA:1,0
DA:12,0
DA:36,0
DA:42,0
DA:48,0
DA:50,0
LF:6
LH:0
BRF:0
BRH:0
end_of_record
TN:
SF:src\models\User.ts
FN:43,(anonymous_17)
FN:56,(anonymous_19)
FNF:2
FNH:0
FNDA:0,(anonymous_17)
FNDA:0,(anonymous_19)
DA:1,1
DA:2,1
DA:3,1
DA:14,1
DA:43,1
DA:44,0
DA:46,0
DA:47,0
DA:48,0
DA:49,0
DA:51,0
DA:56,1
DA:57,0
DA:60,1
LF:14
LH:7
BRDA:44,0,0,0
BRF:1
BRH:0
end_of_record
TN:
SF:src\models\index.ts
FNF:0
FNH:0
DA:1,0
DA:2,0
DA:3,0
DA:6,0
DA:8,0
DA:10,0
LF:6
LH:0
BRF:0
BRH:0
end_of_record
TN:
SF:src\routes\authRoutes.ts
FNF:0
FNH:0
DA:1,0
DA:2,0
DA:3,0
DA:5,0
DA:12,0
DA:19,0
DA:26,0
DA:28,0
LF:8
LH:0
BRF:0
BRH:0
end_of_record
TN:
SF:src\routes\contentRoutes.ts
FNF:0
FNH:0
DA:1,0
DA:2,0
DA:3,0
DA:4,0
DA:5,0
DA:7,0
DA:14,0
DA:27,0
DA:38,0
DA:45,0
LF:10
LH:0
BRF:0
BRH:0
end_of_record
TN:
SF:src\routes\index.ts
FNF:0
FNH:0
DA:1,0
DA:2,0
DA:3,0
DA:4,0
DA:5,0
DA:7,0
DA:10,0
DA:11,0
DA:12,0
DA:13,0
DA:15,0
LF:11
LH:0
BRF:0
BRH:0
end_of_record
TN:
SF:src\routes\interactionRoutes.ts
FNF:0
FNH:0
DA:1,0
DA:2,0
DA:3,0
DA:4,0
DA:9,0
DA:11,0
DA:18,0
DA:30,0
DA:40,0
LF:9
LH:0
BRF:0
BRH:0
end_of_record
TN:
SF:src\routes\recommendationRoutes.ts
FNF:0
FNH:0
DA:1,0
DA:2,0
DA:3,0
DA:4,0
DA:9,0
DA:11,0
DA:19,0
DA:29,0
LF:8
LH:0
BRF:0
BRH:0
end_of_record
TN:
SF:src\services\CacheService.ts
FN:7,(anonymous_7)
FN:19,(anonymous_9)
FN:19,(anonymous_10)
FN:30,(anonymous_11)
FN:41,(anonymous_13)
FN:55,(anonymous_15)
FN:62,(anonymous_16)
FN:69,(anonymous_17)
FNF:8
FNH:0
FNDA:0,(anonymous_7)
FNDA:0,(anonymous_9)
FNDA:0,(anonymous_10)
FNDA:0,(anonymous_11)
FNDA:0,(anonymous_13)
FNDA:0,(anonymous_15)
FNDA:0,(anonymous_16)
FNDA:0,(anonymous_17)
DA:1,0
DA:8,0
DA:9,0
DA:11,0
DA:12,0
DA:19,0
DA:20,0
DA:21,0
DA:23,0
DA:31,0
DA:32,0
DA:34,0
DA:42,0
DA:45,0
DA:48,0
DA:56,0
DA:63,0
DA:70,0
DA:74,0
LF:19
LH:0
BRDA:19,0,0,0
BRF:1
BRH:0
end_of_record
TN:
SF:src\services\ContentService.ts
FN:17,(anonymous_8)
FN:35,(anonymous_10)
FN:35,(anonymous_11)
FN:96,(anonymous_12)
FN:96,(anonymous_13)
FN:123,(anonymous_14)
FN:123,(anonymous_15)
FNF:7
FNH:0
FNDA:0,(anonymous_8)
FNDA:0,(anonymous_10)
FNDA:0,(anonymous_11)
FNDA:0,(anonymous_12)
FNDA:0,(anonymous_13)
FNDA:0,(anonymous_14)
FNDA:0,(anonymous_15)
DA:1,2
DA:2,2
DA:18,0
DA:19,0
DA:20,0
DA:23,0
DA:25,0
DA:27,0
DA:28,0
DA:35,0
DA:36,0
DA:44,0
DA:47,0
DA:50,0
DA:51,0
DA:54,0
DA:55,0
DA:59,0
DA:62,0
DA:64,0
DA:65,0
DA:69,0
DA:72,0
DA:73,0
DA:75,0
DA:81,0
DA:84,0
DA:86,0
DA:88,0
DA:89,0
DA:96,0
DA:97,0
DA:98,0
DA:104,0
DA:106,0
DA:107,0
DA:110,0
DA:113,0
DA:115,0
DA:116,0
DA:123,0
DA:124,0
DA:128,0
DA:131,0
DA:134,0
DA:136,0
DA:137,0
DA:141,0
DA:144,0
DA:151,0
DA:153,0
DA:155,0
DA:156,0
DA:161,2
LF:54
LH:3
BRDA:35,0,0,0
BRDA:40,1,0,0
BRDA:41,2,0,0
BRDA:42,3,0,0
BRDA:43,4,0,0
BRDA:50,5,0,0
BRDA:54,6,0,0
BRDA:54,7,0,0
BRDA:54,7,1,0
BRDA:64,8,0,0
BRDA:73,9,0,0
BRDA:73,9,1,0
BRDA:96,10,0,0
BRDA:104,11,0,0
BRDA:123,12,0,0
BRDA:126,13,0,0
BRDA:127,14,0,0
BRDA:136,15,0,0
BRF:18
BRH:0
end_of_record
TN:
SF:src\services\InteractionService.ts
FN:16,(anonymous_8)
FN:26,(anonymous_10)
FN:36,(anonymous_12)
FN:56,(anonymous_13)
FN:97,(anonymous_15)
FN:119,(anonymous_17)
FNF:6
FNH:5
FNDA:6,(anonymous_8)
FNDA:5,(anonymous_10)
FNDA:3,(anonymous_12)
FNDA:5,(anonymous_13)
FNDA:1,(anonymous_15)
FNDA:0,(anonymous_17)
DA:1,2
DA:2,2
DA:17,6
DA:18,6
DA:19,1
DA:27,5
DA:28,5
DA:29,1
DA:37,3
DA:39,1
DA:41,1
DA:43,0
DA:45,1
DA:47,0
DA:49,0
DA:57,5
DA:59,5
DA:65,3
DA:75,3
DA:78,3
DA:87,3
DA:89,2
DA:90,2
DA:98,1
DA:100,1
DA:103,1
DA:105,1
DA:106,0
DA:109,1
DA:111,0
DA:112,0
DA:120,0
DA:122,0
DA:125,0
DA:127,0
DA:128,0
DA:131,0
DA:133,0
DA:134,0
DA:139,2
LF:40
LH:26
BRDA:18,0,0,1
BRDA:28,1,0,1
BRDA:37,2,0,1
BRDA:37,2,1,1
BRDA:37,2,2,0
BRDA:37,2,3,1
BRDA:37,2,4,0
BRDA:37,2,5,0
BRDA:105,3,0,0
BRDA:127,4,0,0
BRF:10
BRH:5
end_of_record
TN:
SF:src\services\RecommendationService.ts
FN:27,(anonymous_8)
FN:38,(anonymous_10)
FN:45,(anonymous_12)
FN:51,(anonymous_14)
FN:61,(anonymous_15)
FN:89,(anonymous_16)
FN:98,(anonymous_17)
FN:107,(anonymous_18)
FN:111,(anonymous_19)
FN:118,(anonymous_20)
FN:124,(anonymous_21)
FN:125,(anonymous_22)
FN:153,(anonymous_23)
FN:200,(anonymous_24)
FN:201,(anonymous_25)
FNF:15
FNH:13
FNDA:3,(anonymous_8)
FNDA:3,(anonymous_10)
FNDA:2,(anonymous_12)
FNDA:3,(anonymous_14)
FNDA:2,(anonymous_15)
FNDA:2,(anonymous_16)
FNDA:4,(anonymous_17)
FNDA:4,(anonymous_18)
FNDA:3,(anonymous_19)
FNDA:3,(anonymous_20)
FNDA:3,(anonymous_21)
FNDA:3,(anonymous_22)
FNDA:4,(anonymous_23)
FNDA:0,(anonymous_24)
FNDA:0,(anonymous_25)
DA:1,2
DA:2,2
DA:8,2
DA:28,3
DA:29,3
DA:30,1
DA:32,2
DA:39,3
DA:46,2
DA:48,2
DA:49,2
DA:51,2
DA:52,3
DA:55,2
DA:67,2
DA:69,2
DA:74,2
DA:75,1
DA:79,2
DA:80,0
DA:83,2
DA:97,2
DA:99,4
DA:100,4
DA:103,3
DA:104,3
DA:105,3
DA:107,4
DA:108,2
DA:111,2
DA:112,3
DA:113,3
DA:117,2
DA:118,3
DA:125,3
DA:128,3
DA:129,3
DA:132,3
DA:133,3
DA:136,3
DA:137,3
DA:139,3
DA:140,0
DA:141,0
DA:145,3
DA:150,2
DA:153,4
DA:156,2
DA:157,2
DA:160,2
DA:166,2
DA:167,2
DA:169,2
DA:170,0
DA:171,0
DA:175,2
DA:183,2
DA:186,2
DA:187,2
DA:190,2
DA:192,1
DA:193,1
DA:201,0
DA:208,0
DA:209,0
DA:210,0
DA:213,0
DA:216,0
DA:217,0
DA:218,0
DA:219,0
DA:223,0
DA:225,0
DA:226,0
DA:229,0
DA:230,0
DA:234,0
DA:237,0
DA:240,0
DA:241,0
DA:244,0
DA:245,0
DA:248,0
DA:250,0
DA:251,0
DA:256,2
LF:86
LH:58
BRDA:29,0,0,1
BRDA:46,1,0,0
BRDA:74,2,0,1
BRDA:79,3,0,0
BRDA:79,4,0,2
BRDA:79,4,1,0
BRDA:100,5,0,1
BRDA:126,6,0,2
BRDA:132,7,0,3
BRDA:132,7,1,2
BRDA:133,8,0,3
BRDA:133,8,1,3
BRDA:139,9,0,0
BRDA:139,10,0,3
BRDA:139,10,1,0
BRDA:169,11,0,0
BRDA:186,12,0,2
BRDA:201,13,0,0
BRDA:209,14,0,0
BRDA:209,14,1,0
BRDA:210,15,0,0
BRDA:210,15,1,0
BRDA:217,16,0,0
BRDA:217,17,0,0
BRDA:217,17,1,0
BRDA:225,18,0,0
BRDA:229,19,0,0
BRDA:229,20,0,0
BRDA:229,20,1,0
BRDA:244,21,0,0
BRF:30
BRH:11
end_of_record
TN:
SF:src\services\authService.ts
FN:17,(anonymous_1)
FN:30,(anonymous_2)
FNF:2
FNH:0
FNDA:0,(anonymous_1)
FNDA:0,(anonymous_2)
DA:1,1
DA:5,1
DA:6,1
DA:17,1
DA:18,0
DA:24,0
DA:30,1
DA:31,0
DA:32,0
DA:34,0
LF:10
LH:5
BRDA:5,0,0,1
BRDA:5,0,1,0
BRDA:6,1,0,1
BRDA:6,1,1,0
BRF:4
BRH:2
end_of_record
TN:
SF:src\services\index.ts
FNF:0
FNH:0
DA:1,2
DA:2,2
DA:3,2
DA:4,2
DA:7,2
DA:8,2
DA:9,2
DA:10,2
LF:8
LH:8
BRF:0
BRH:0
end_of_record
TN:
SF:src\utils\RecommendationUtils.ts
FN:16,(anonymous_0)
FN:24,(anonymous_1)
FN:49,(anonymous_2)
FN:56,(anonymous_3)
FN:66,(anonymous_4)
FN:73,(anonymous_5)
FN:80,(anonymous_6)
FN:82,(anonymous_7)
FN:87,(anonymous_8)
FN:97,(anonymous_9)
FN:98,(anonymous_10)
FN:104,(anonymous_11)
FN:106,(anonymous_12)
FN:112,(anonymous_13)
FN:114,(anonymous_14)
FN:115,(anonymous_15)
FNF:16
FNH:8
FNDA:3,(anonymous_0)
FNDA:3,(anonymous_1)
FNDA:5,(anonymous_2)
FNDA:5,(anonymous_3)
FNDA:3,(anonymous_4)
FNDA:5,(anonymous_5)
FNDA:0,(anonymous_6)
FNDA:0,(anonymous_7)
FNDA:0,(anonymous_8)
FNDA:2,(anonymous_9)
FNDA:1,(anonymous_10)
FNDA:0,(anonymous_11)
FNDA:0,(anonymous_12)
FNDA:0,(anonymous_13)
FNDA:0,(anonymous_14)
FNDA:0,(anonymous_15)
DA:16,2
DA:21,3
DA:24,3
DA:25,3
DA:28,3
DA:29,3
DA:30,3
DA:33,3
DA:36,3
DA:37,3
DA:40,3
DA:49,3
DA:50,5
DA:53,5
DA:56,5
DA:59,5
DA:60,3
DA:61,3
DA:66,3
DA:67,3
DA:70,3
DA:71,3
DA:73,3
DA:74,5
DA:77,3
DA:79,0
DA:80,0
DA:81,0
DA:82,0
DA:87,0
DA:88,0
DA:91,3
DA:97,2
DA:98,2
DA:104,2
DA:105,0
DA:106,0
DA:112,2
DA:113,0
DA:114,0
DA:115,0
LF:41
LH:30
BRDA:50,0,0,0
BRDA:53,1,0,5
BRDA:53,1,1,0
BRDA:59,2,0,3
BRDA:74,3,0,5
BRDA:74,3,1,0
BRDA:77,4,0,0
BRDA:81,5,0,0
BRDA:105,6,0,0
BRDA:113,7,0,0
BRDA:113,8,0,0
BRDA:113,8,1,0
BRF:12
BRH:3
end_of_record
TN:
SF:src\utils\apiResponse.ts
FN:15,(anonymous_0)
FNF:1
FNH:1
FNDA:10,(anonymous_0)
DA:4,1
DA:20,10
DA:21,10
DA:22,10
LF:4
LH:4
BRDA:16,0,0,0
BRDA:17,1,0,0
BRDA:18,2,0,3
BRF:3
BRH:1
end_of_record
TN:
SF:src\utils\errorMiddleware.ts
FN:5,(anonymous_0)
FN:12,(anonymous_1)
FNF:2
FNH:0
FNDA:0,(anonymous_0)
FNDA:0,(anonymous_1)
DA:2,0
DA:5,0
DA:6,0
DA:7,0
DA:8,0
DA:12,0
DA:13,0
DA:15,0
LF:8
LH:0
BRDA:13,0,0,0
BRDA:13,0,1,0
BRDA:17,1,0,0
BRDA:17,1,1,0
BRF:4
BRH:0
end_of_record
TN:
SF:src\utils\validationMiddleware.ts
FN:10,(anonymous_0)
FN:11,(anonymous_1)
FN:18,(anonymous_2)
FN:28,(anonymous_3)
FN:38,(anonymous_4)
FNF:5
FNH:0
FNDA:0,(anonymous_0)
FNDA:0,(anonymous_1)
FNDA:0,(anonymous_2)
FNDA:0,(anonymous_3)
FNDA:0,(anonymous_4)
DA:10,0
DA:11,0
DA:12,0
DA:15,0
DA:16,0
DA:17,0
DA:18,0
DA:19,0
DA:25,0
DA:26,0
DA:27,0
DA:28,0
DA:29,0
DA:35,0
DA:36,0
DA:37,0
DA:38,0
DA:39,0
DA:45,0
DA:46,0
DA:50,0
DA:53,0
LF:22
LH:0
BRDA:15,0,0,0
BRDA:17,1,0,0
BRDA:25,2,0,0
BRDA:27,3,0,0
BRDA:35,4,0,0
BRDA:37,5,0,0
BRDA:45,6,0,0
BRF:7
BRH:0
end_of_record
TN:
SF:src\utils\validationSchemas.ts
FNF:0
FNH:0
DA:1,1
DA:4,1
DA:10,1
DA:16,1
DA:32,1
DA:37,1
DA:42,1
DA:46,1
DA:53,1
DA:59,1
DA:69,1
DA:73,1
DA:79,1
DA:85,1
DA:97,1
LF:15
LH:15
BRF:0
BRH:0
end_of_record
TN:
SF:src\validators\contentValidator.ts
FNF:0
FNH:0
DA:1,0
DA:3,0
LF:2
LH:0
BRF:0
BRH:0
end_of_record
